{"meta": {"format": 3, "version": "7.14.2", "timestamp": "2026-06-24T16:55:23.801048", "branch_coverage": false, "show_contexts": false}, "files": {"peerpedia_core/__init__.py": {"executed_lines": [], "summary": {"covered_lines": 0, "num_statements": 0, "percent_covered": 100.0, "percent_covered_display": "100", "missing_lines": 0, "excluded_lines": 0, "percent_statements_covered": 100.0, "percent_statements_covered_display": "100"}, "missing_lines": [], "excluded_lines": [], "functions": {"": {"executed_lines": [], "summary": {"covered_lines": 0, "num_statements": 0, "percent_covered": 100.0, "percent_covered_display": "100", "missing_lines": 0, "excluded_lines": 0, "percent_statements_covered": 100.0, "percent_statements_covered_display": "100"}, "missing_lines": [], "excluded_lines": [], "start_line": 1}}, "classes": {"": {"executed_lines": [], "summary": {"covered_lines": 0, "num_statements": 0, "percent_covered": 100.0, "percent_covered_display": "100", "missing_lines": 0, "excluded_lines": 0, "percent_statements_covered": 100.0, "percent_statements_covered_display": "100"}, "missing_lines": [], "excluded_lines": [], "start_line": 1}}}, "peerpedia_core/bundle/__init__.py": {"executed_lines": [10, 11, 12, 14], "summary": {"covered_lines": 4, "num_statements": 4, "percent_covered": 100.0, "percent_covered_display": "100", "missing_lines": 0, "excluded_lines": 0, "percent_statements_covered": 100.0, "percent_statements_covered_display": "100"}, "missing_lines": [], "excluded_lines": [], "functions": {"": {"executed_lines": [10, 11, 12, 14], "summary": {"covered_lines": 4, "num_statements": 4, "percent_covered": 100.0, "percent_covered_display": "100", "missing_lines": 0, "excluded_lines": 0, "percent_statements_covered": 100.0, "percent_statements_covered_display": "100"}, "missing_lines": [], "excluded_lines": [], "start_line": 1}}, "classes": {"": {"executed_lines": [10, 11, 12, 14], "summary": {"covered_lines": 4, "num_statements": 4, "percent_covered": 100.0, "percent_covered_display": "100", "missing_lines": 0, "excluded_lines": 0, "percent_statements_covered": 100.0, "percent_statements_covered_display": "100"}, "missing_lines": [], "excluded_lines": [], "start_line": 1}}}, "peerpedia_core/bundle/client.py": {"executed_lines": [46, 48, 49, 50, 51, 53, 54, 56, 57, 63, 65, 66, 67, 75, 144, 161, 190, 203, 219, 248], "summary": {"covered_lines": 20, "num_statements": 71, "percent_covered": 28.169014084507044, "percent_covered_display": "28", "missing_lines": 51, "excluded_lines": 0, "percent_statements_covered": 28.169014084507044, "percent_statements_covered_display": "28"}, "missing_lines": [91, 92, 93, 94, 95, 100, 101, 102, 103, 109, 112, 113, 114, 115, 118, 119, 121, 124, 125, 128, 129, 130, 133, 134, 135, 136, 139, 152, 153, 181, 182, 183, 186, 187, 196, 197, 198, 199, 200, 214, 215, 216, 225, 226, 227, 231, 236, 237, 238, 239, 241], "excluded_lines": [], "functions": {"sync_article": {"executed_lines": [], "summary": {"covered_lines": 0, "num_statements": 27, "percent_covered": 0.0, "percent_covered_display": "0", "missing_lines": 27, "excluded_lines": 0, "percent_statements_covered": 0.0, "percent_statements_covered_display": "0"}, "missing_lines": [91, 92, 93, 94, 95, 100, 101, 102, 103, 109, 112, 113, 114, 115, 118, 119, 121, 124, 125, 128, 129, 130, 133, 134, 135, 136, 139], "excluded_lines": [], "start_line": 75}, "find_merge_base": {"executed_lines": [], "summary": {"covered_lines": 0, "num_statements": 2, "percent_covered": 0.0, "percent_covered_display": "0", "missing_lines": 2, "excluded_lines": 0, "percent_statements_covered": 0.0, "percent_statements_covered_display": "0"}, "missing_lines": [152, 153], "excluded_lines": [], "start_line": 144}, "pull_incremental": {"executed_lines": [], "summary": {"covered_lines": 0, "num_statements": 5, "percent_covered": 0.0, "percent_covered_display": "0", "missing_lines": 5, "excluded_lines": 0, "percent_statements_covered": 0.0, "percent_statements_covered_display": "0"}, "missing_lines": [181, 182, 183, 186, 187], "excluded_lines": [], "start_line": 161}, "pull_new_article": {"executed_lines": [], "summary": {"covered_lines": 0, "num_statements": 5, "percent_covered": 0.0, "percent_covered_display": "0", "missing_lines": 5, "excluded_lines": 0, "percent_statements_covered": 0.0, "percent_statements_covered_display": "0"}, "missing_lines": [196, 197, 198, 199, 200], "excluded_lines": [], "start_line": 190}, "push_incremental": {"executed_lines": [], "summary": {"covered_lines": 0, "num_statements": 3, "percent_covered": 0.0, "percent_covered_display": "0", "missing_lines": 3, "excluded_lines": 0, "percent_statements_covered": 0.0, "percent_statements_covered_display": "0"}, "missing_lines": [214, 215, 216], "excluded_lines": [], "start_line": 203}, "upload_article": {"executed_lines": [], "summary": {"covered_lines": 0, "num_statements": 9, "percent_covered": 0.0, "percent_covered_display": "0", "missing_lines": 9, "excluded_lines": 0, "percent_statements_covered": 0.0, "percent_statements_covered_display": "0"}, "missing_lines": [225, 226, 227, 231, 236, 237, 238, 239, 241], "excluded_lines": [], "start_line": 219}, "": {"executed_lines": [46, 48, 49, 50, 51, 53, 54, 56, 57, 63, 65, 66, 67, 75, 144, 161, 190, 203, 219, 248], "summary": {"covered_lines": 20, "num_statements": 20, "percent_covered": 100.0, "percent_covered_display": "100", "missing_lines": 0, "excluded_lines": 0, "percent_statements_covered": 100.0, "percent_statements_covered_display": "100"}, "missing_lines": [], "excluded_lines": [], "start_line": 1}}, "classes": {"": {"executed_lines": [46, 48, 49, 50, 51, 53, 54, 56, 57, 63, 65, 66, 67, 75, 144, 161, 190, 203, 219, 248], "summary": {"covered_lines": 20, "num_statements": 71, "percent_covered": 28.169014084507044, "percent_covered_display": "28", "missing_lines": 51, "excluded_lines": 0, "percent_statements_covered": 28.169014084507044, "percent_statements_covered_display": "28"}, "missing_lines": [91, 92, 93, 94, 95, 100, 101, 102, 103, 109, 112, 113, 114, 115, 118, 119, 121, 124, 125, 128, 129, 130, 133, 134, 135, 136, 139, 152, 153, 181, 182, 183, 186, 187, 196, 197, 198, 199, 200, 214, 215, 216, 225, 226, 227, 231, 236, 237, 238, 239, 241], "excluded_lines": [], "start_line": 1}}}, "peerpedia_core/bundle/git_bundle.py": {"executed_lines": [55, 56, 57, 59, 61, 64, 66, 73, 83, 89, 90, 97, 109, 110, 112, 114, 115, 116, 117, 118, 119, 120, 121, 123, 124, 128, 131, 142, 143, 145, 146, 148, 149, 150, 151, 152, 158, 164, 165, 166, 167, 168, 169, 170, 171, 172, 175, 203, 204, 205, 208, 209, 211, 213, 215, 216, 218, 220, 221, 222, 223, 224, 225, 226, 227, 230, 231, 232, 233, 234, 235, 241, 265], "summary": {"covered_lines": 73, "num_statements": 98, "percent_covered": 74.48979591836735, "percent_covered_display": "74", "missing_lines": 25, "excluded_lines": 0, "percent_statements_covered": 74.48979591836735, "percent_statements_covered_display": "74"}, "missing_lines": [78, 79, 80, 91, 92, 93, 94, 125, 126, 252, 253, 254, 256, 257, 259, 260, 261, 262, 270, 271, 272, 274, 275, 276, 277], "excluded_lines": [], "functions": {"init_repo": {"executed_lines": [], "summary": {"covered_lines": 0, "num_statements": 3, "percent_covered": 0.0, "percent_covered_display": "0", "missing_lines": 3, "excluded_lines": 0, "percent_statements_covered": 0.0, "percent_statements_covered_display": "0"}, "missing_lines": [78, 79, 80], "excluded_lines": [], "start_line": 73}, "get_head": {"executed_lines": [89, 90], "summary": {"covered_lines": 2, "num_statements": 6, "percent_covered": 33.333333333333336, "percent_covered_display": "33", "missing_lines": 4, "excluded_lines": 0, "percent_statements_covered": 33.333333333333336, "percent_statements_covered_display": "33"}, "missing_lines": [91, 92, 93, 94], "excluded_lines": [], "start_line": 83}, "ingest_bundle": {"executed_lines": [109, 110, 112, 114, 115, 116, 117, 118, 119, 120, 121, 123, 124, 128], "summary": {"covered_lines": 14, "num_statements": 16, "percent_covered": 87.5, "percent_covered_display": "88", "missing_lines": 2, "excluded_lines": 0, "percent_statements_covered": 87.5, "percent_statements_covered_display": "88"}, "missing_lines": [125, 126], "excluded_lines": [], "start_line": 97}, "create_bundle": {"executed_lines": [142, 143, 145, 146, 148, 149, 150, 151, 152], "summary": {"covered_lines": 9, "num_statements": 9, "percent_covered": 100.0, "percent_covered_display": "100", "missing_lines": 0, "excluded_lines": 0, "percent_statements_covered": 100.0, "percent_statements_covered_display": "100"}, "missing_lines": [], "excluded_lines": [], "start_line": 131}, "is_ancestor": {"executed_lines": [164, 165, 166, 167, 168, 169, 170, 171, 172], "summary": {"covered_lines": 9, "num_statements": 9, "percent_covered": 100.0, "percent_covered_display": "100", "missing_lines": 0, "excluded_lines": 0, "percent_statements_covered": 100.0, "percent_statements_covered_display": "100"}, "missing_lines": [], "excluded_lines": [], "start_line": 158}, "find_common_ancestor": {"executed_lines": [203, 204, 205, 208, 209, 211, 213, 218, 230, 231, 232, 233, 234, 235], "summary": {"covered_lines": 14, "num_statements": 14, "percent_covered": 100.0, "percent_covered_display": "100", "missing_lines": 0, "excluded_lines": 0, "percent_statements_covered": 100.0, "percent_statements_covered_display": "100"}, "missing_lines": [], "excluded_lines": [], "start_line": 175}, "find_common_ancestor._hash_at": {"executed_lines": [215, 216], "summary": {"covered_lines": 2, "num_statements": 2, "percent_covered": 100.0, "percent_covered_display": "100", "missing_lines": 0, "excluded_lines": 0, "percent_statements_covered": 100.0, "percent_statements_covered_display": "100"}, "missing_lines": [], "excluded_lines": [], "start_line": 213}, "find_common_ancestor.probe_at": {"executed_lines": [220, 221, 222, 223, 224, 225, 226, 227], "summary": {"covered_lines": 8, "num_statements": 8, "percent_covered": 100.0, "percent_covered_display": "100", "missing_lines": 0, "excluded_lines": 0, "percent_statements_covered": 100.0, "percent_statements_covered_display": "100"}, "missing_lines": [], "excluded_lines": [], "start_line": 218}, "ingest_article_repo": {"executed_lines": [], "summary": {"covered_lines": 0, "num_statements": 9, "percent_covered": 0.0, "percent_covered_display": "0", "missing_lines": 9, "excluded_lines": 0, "percent_statements_covered": 0.0, "percent_statements_covered_display": "0"}, "missing_lines": [252, 253, 254, 256, 257, 259, 260, 261, 262], "excluded_lines": [], "start_line": 241}, "pack_article_repo": {"executed_lines": [], "summary": {"covered_lines": 0, "num_statements": 7, "percent_covered": 0.0, "percent_covered_display": "0", "missing_lines": 7, "excluded_lines": 0, "percent_statements_covered": 0.0, "percent_statements_covered_display": "0"}, "missing_lines": [270, 271, 272, 274, 275, 276, 277], "excluded_lines": [], "start_line": 265}, "": {"executed_lines": [55, 56, 57, 59, 61, 64, 66, 73, 83, 97, 131, 158, 175, 241, 265], "summary": {"covered_lines": 15, "num_statements": 15, "percent_covered": 100.0, "percent_covered_display": "100", "missing_lines": 0, "excluded_lines": 0, "percent_statements_covered": 100.0, "percent_statements_covered_display": "100"}, "missing_lines": [], "excluded_lines": [], "start_line": 1}}, "classes": {"MergeConflictError": {"executed_lines": [], "summary": {"covered_lines": 0, "num_statements": 0, "percent_covered": 100.0, "percent_covered_display": "100", "missing_lines": 0, "excluded_lines": 0, "percent_statements_covered": 100.0, "percent_statements_covered_display": "100"}, "missing_lines": [], "excluded_lines": [], "start_line": 66}, "": {"executed_lines": [55, 56, 57, 59, 61, 64, 66, 73, 83, 89, 90, 97, 109, 110, 112, 114, 115, 116, 117, 118, 119, 120, 121, 123, 124, 128, 131, 142, 143, 145, 146, 148, 149, 150, 151, 152, 158, 164, 165, 166, 167, 168, 169, 170, 171, 172, 175, 203, 204, 205, 208, 209, 211, 213, 215, 216, 218, 220, 221, 222, 223, 224, 225, 226, 227, 230, 231, 232, 233, 234, 235, 241, 265], "summary": {"covered_lines": 73, "num_statements": 98, "percent_covered": 74.48979591836735, "percent_covered_display": "74", "missing_lines": 25, "excluded_lines": 0, "percent_statements_covered": 74.48979591836735, "percent_statements_covered_display": "74"}, "missing_lines": [78, 79, 80, 91, 92, 93, 94, 125, 126, 252, 253, 254, 256, 257, 259, 260, 261, 262, 270, 271, 272, 274, 275, 276, 277], "excluded_lines": [], "start_line": 1}}}, "peerpedia_core/bundle/monotonic.py": {"executed_lines": [46, 49, 72, 73, 75, 76, 77, 78, 79, 81, 82, 85, 86, 87, 88, 90, 91, 92, 93, 94, 95, 96, 97, 101, 102, 103, 104, 105, 107, 108, 109, 112, 113, 115, 116, 117, 118, 119, 120, 121, 123, 125], "summary": {"covered_lines": 42, "num_statements": 43, "percent_covered": 97.67441860465117, "percent_covered_display": "98", "missing_lines": 1, "excluded_lines": 0, "percent_statements_covered": 97.67441860465117, "percent_statements_covered_display": "98"}, "missing_lines": [106], "excluded_lines": [], "functions": {"search_monotonic_boundary": {"executed_lines": [72, 73, 75, 76, 77, 78, 79, 81, 82, 85, 86, 87, 88, 90, 91, 92, 93, 94, 95, 96, 97, 101, 102, 103, 104, 105, 107, 108, 109, 112, 113, 115, 116, 117, 118, 119, 120, 121, 123, 125], "summary": {"covered_lines": 40, "num_statements": 41, "percent_covered": 97.5609756097561, "percent_covered_display": "98", "missing_lines": 1, "excluded_lines": 0, "percent_statements_covered": 97.5609756097561, "percent_statements_covered_display": "98"}, "missing_lines": [106], "excluded_lines": [], "start_line": 49}, "": {"executed_lines": [46, 49], "summary": {"covered_lines": 2, "num_statements": 2, "percent_covered": 100.0, "percent_covered_display": "100", "missing_lines": 0, "excluded_lines": 0, "percent_statements_covered": 100.0, "percent_statements_covered_display": "100"}, "missing_lines": [], "excluded_lines": [], "start_line": 1}}, "classes": {"": {"executed_lines": [46, 49, 72, 73, 75, 76, 77, 78, 79, 81, 82, 85, 86, 87, 88, 90, 91, 92, 93, 94, 95, 96, 97, 101, 102, 103, 104, 105, 107, 108, 109, 112, 113, 115, 116, 117, 118, 119, 120, 121, 123, 125], "summary": {"covered_lines": 42, "num_statements": 43, "percent_covered": 97.67441860465117, "percent_covered_display": "98", "missing_lines": 1, "excluded_lines": 0, "percent_statements_covered": 97.67441860465117, "percent_statements_covered_display": "98"}, "missing_lines": [106], "excluded_lines": [], "start_line": 1}}}, "peerpedia_core/bundle/pending.py": {"executed_lines": [34, 36, 37, 38, 39, 41, 43, 44, 47, 49, 51, 52, 53, 54, 69, 71, 72, 75, 80, 82, 83, 84, 85, 86, 89, 91, 94, 96, 99, 101, 102, 105, 107], "summary": {"covered_lines": 33, "num_statements": 39, "percent_covered": 84.61538461538461, "percent_covered_display": "85", "missing_lines": 6, "excluded_lines": 0, "percent_statements_covered": 84.61538461538461, "percent_statements_covered_display": "85"}, "missing_lines": [50, 55, 58, 59, 62, 63], "excluded_lines": [], "functions": {"_read": {"executed_lines": [49, 51, 52, 53, 54], "summary": {"covered_lines": 5, "num_statements": 11, "percent_covered": 45.45454545454545, "percent_covered_display": "45", "missing_lines": 6, "excluded_lines": 0, "percent_statements_covered": 45.45454545454545, "percent_statements_covered_display": "45"}, "missing_lines": [50, 55, 58, 59, 62, 63], "excluded_lines": [], "start_line": 47}, "_write": {"executed_lines": [71, 72], "summary": {"covered_lines": 2, "num_statements": 2, "percent_covered": 100.0, "percent_covered_display": "100", "missing_lines": 0, "excluded_lines": 0, "percent_statements_covered": 100.0, "percent_statements_covered_display": "100"}, "missing_lines": [], "excluded_lines": [], "start_line": 69}, "add": {"executed_lines": [80, 82, 83, 84, 85, 86], "summary": {"covered_lines": 6, "num_statements": 6, "percent_covered": 100.0, "percent_covered_display": "100", "missing_lines": 0, "excluded_lines": 0, "percent_statements_covered": 100.0, "percent_statements_covered_display": "100"}, "missing_lines": [], "excluded_lines": [], "start_line": 75}, "list_all": {"executed_lines": [91], "summary": {"covered_lines": 1, "num_statements": 1, "percent_covered": 100.0, "percent_covered_display": "100", "missing_lines": 0, "excluded_lines": 0, "percent_statements_covered": 100.0, "percent_statements_covered_display": "100"}, "missing_lines": [], "excluded_lines": [], "start_line": 89}, "count": {"executed_lines": [96], "summary": {"covered_lines": 1, "num_statements": 1, "percent_covered": 100.0, "percent_covered_display": "100", "missing_lines": 0, "excluded_lines": 0, "percent_statements_covered": 100.0, "percent_statements_covered_display": "100"}, "missing_lines": [], "excluded_lines": [], "start_line": 94}, "remove": {"executed_lines": [101, 102], "summary": {"covered_lines": 2, "num_statements": 2, "percent_covered": 100.0, "percent_covered_display": "100", "missing_lines": 0, "excluded_lines": 0, "percent_statements_covered": 100.0, "percent_statements_covered_display": "100"}, "missing_lines": [], "excluded_lines": [], "start_line": 99}, "clear": {"executed_lines": [107], "summary": {"covered_lines": 1, "num_statements": 1, "percent_covered": 100.0, "percent_covered_display": "100", "missing_lines": 0, "excluded_lines": 0, "percent_statements_covered": 100.0, "percent_statements_covered_display": "100"}, "missing_lines": [], "excluded_lines": [], "start_line": 105}, "": {"executed_lines": [34, 36, 37, 38, 39, 41, 43, 44, 47, 69, 75, 89, 94, 99, 105], "summary": {"covered_lines": 15, "num_statements": 15, "percent_covered": 100.0, "percent_covered_display": "100", "missing_lines": 0, "excluded_lines": 0, "percent_statements_covered": 100.0, "percent_statements_covered_display": "100"}, "missing_lines": [], "excluded_lines": [], "start_line": 1}}, "classes": {"": {"executed_lines": [34, 36, 37, 38, 39, 41, 43, 44, 47, 49, 51, 52, 53, 54, 69, 71, 72, 75, 80, 82, 83, 84, 85, 86, 89, 91, 94, 96, 99, 101, 102, 105, 107], "summary": {"covered_lines": 33, "num_statements": 39, "percent_covered": 84.61538461538461, "percent_covered_display": "85", "missing_lines": 6, "excluded_lines": 0, "percent_statements_covered": 84.61538461538461, "percent_statements_covered_display": "85"}, "missing_lines": [50, 55, 58, 59, 62, 63], "excluded_lines": [], "start_line": 1}}}, "peerpedia_core/bundle/server.py": {"executed_lines": [49, 51, 52, 53, 55, 56, 65, 68, 74, 75, 76, 77, 80, 97, 104, 107, 113, 116, 128, 130, 133, 135, 138, 140, 143, 157, 162, 167], "summary": {"covered_lines": 28, "num_statements": 39, "percent_covered": 71.7948717948718, "percent_covered_display": "72", "missing_lines": 11, "excluded_lines": 0, "percent_statements_covered": 71.7948717948718, "percent_statements_covered_display": "72"}, "missing_lines": [92, 93, 94, 118, 119, 120, 121, 150, 159, 164, 169], "excluded_lines": [], "functions": {"get_head": {"executed_lines": [74, 75, 76, 77], "summary": {"covered_lines": 4, "num_statements": 4, "percent_covered": 100.0, "percent_covered_display": "100", "missing_lines": 0, "excluded_lines": 0, "percent_statements_covered": 100.0, "percent_statements_covered_display": "100"}, "missing_lines": [], "excluded_lines": [], "start_line": 68}, "apply_sync": {"executed_lines": [], "summary": {"covered_lines": 0, "num_statements": 3, "percent_covered": 0.0, "percent_covered_display": "0", "missing_lines": 3, "excluded_lines": 0, "percent_statements_covered": 0.0, "percent_statements_covered_display": "0"}, "missing_lines": [92, 93, 94], "excluded_lines": [], "start_line": 80}, "get_bundle": {"executed_lines": [104], "summary": {"covered_lines": 1, "num_statements": 1, "percent_covered": 100.0, "percent_covered_display": "100", "missing_lines": 0, "excluded_lines": 0, "percent_statements_covered": 100.0, "percent_statements_covered_display": "100"}, "missing_lines": [], "excluded_lines": [], "start_line": 97}, "check_ancestor": {"executed_lines": [113], "summary": {"covered_lines": 1, "num_statements": 1, "percent_covered": 100.0, "percent_covered_display": "100", "missing_lines": 0, "excluded_lines": 0, "percent_statements_covered": 100.0, "percent_statements_covered_display": "100"}, "missing_lines": [], "excluded_lines": [], "start_line": 107}, "ingest_article": {"executed_lines": [], "summary": {"covered_lines": 0, "num_statements": 4, "percent_covered": 0.0, "percent_covered_display": "0", "missing_lines": 4, "excluded_lines": 0, "percent_statements_covered": 0.0, "percent_statements_covered_display": "0"}, "missing_lines": [118, 119, 120, 121], "excluded_lines": [], "start_line": 116}, "get_article_head": {"executed_lines": [130], "summary": {"covered_lines": 1, "num_statements": 1, "percent_covered": 100.0, "percent_covered_display": "100", "missing_lines": 0, "excluded_lines": 0, "percent_statements_covered": 100.0, "percent_statements_covered_display": "100"}, "missing_lines": [], "excluded_lines": [], "start_line": 128}, "get_article_bundle": {"executed_lines": [135], "summary": {"covered_lines": 1, "num_statements": 1, "percent_covered": 100.0, "percent_covered_display": "100", "missing_lines": 0, "excluded_lines": 0, "percent_statements_covered": 100.0, "percent_statements_covered_display": "100"}, "missing_lines": [], "excluded_lines": [], "start_line": 133}, "check_article_ancestor": {"executed_lines": [140], "summary": {"covered_lines": 1, "num_statements": 1, "percent_covered": 100.0, "percent_covered_display": "100", "missing_lines": 0, "excluded_lines": 0, "percent_statements_covered": 100.0, "percent_statements_covered_display": "100"}, "missing_lines": [], "excluded_lines": [], "start_line": 138}, "get_article_commit_history": {"executed_lines": [], "summary": {"covered_lines": 0, "num_statements": 1, "percent_covered": 0.0, "percent_covered_display": "0", "missing_lines": 1, "excluded_lines": 0, "percent_statements_covered": 0.0, "percent_statements_covered_display": "0"}, "missing_lines": [150], "excluded_lines": [], "start_line": 143}, "read_article_source_content": {"executed_lines": [], "summary": {"covered_lines": 0, "num_statements": 1, "percent_covered": 0.0, "percent_covered_display": "0", "missing_lines": 1, "excluded_lines": 0, "percent_statements_covered": 0.0, "percent_statements_covered_display": "0"}, "missing_lines": [159], "excluded_lines": [], "start_line": 157}, "ingest_first_article": {"executed_lines": [], "summary": {"covered_lines": 0, "num_statements": 1, "percent_covered": 0.0, "percent_covered_display": "0", "missing_lines": 1, "excluded_lines": 0, "percent_statements_covered": 0.0, "percent_statements_covered_display": "0"}, "missing_lines": [164], "excluded_lines": [], "start_line": 162}, "pack_article_repo_bundle": {"executed_lines": [], "summary": {"covered_lines": 0, "num_statements": 1, "percent_covered": 0.0, "percent_covered_display": "0", "missing_lines": 1, "excluded_lines": 0, "percent_statements_covered": 0.0, "percent_statements_covered_display": "0"}, "missing_lines": [169], "excluded_lines": [], "start_line": 167}, "": {"executed_lines": [49, 51, 52, 53, 55, 56, 65, 68, 80, 97, 107, 116, 128, 133, 138, 143, 157, 162, 167], "summary": {"covered_lines": 19, "num_statements": 19, "percent_covered": 100.0, "percent_covered_display": "100", "missing_lines": 0, "excluded_lines": 0, "percent_statements_covered": 100.0, "percent_statements_covered_display": "100"}, "missing_lines": [], "excluded_lines": [], "start_line": 1}}, "classes": {"": {"executed_lines": [49, 51, 52, 53, 55, 56, 65, 68, 74, 75, 76, 77, 80, 97, 104, 107, 113, 116, 128, 130, 133, 135, 138, 140, 143, 157, 162, 167], "summary": {"covered_lines": 28, "num_statements": 39, "percent_covered": 71.7948717948718, "percent_covered_display": "72", "missing_lines": 11, "excluded_lines": 0, "percent_statements_covered": 71.7948717948718, "percent_statements_covered_display": "72"}, "missing_lines": [92, 93, 94, 118, 119, 120, 121, 150, 159, 164, 169], "excluded_lines": [], "start_line": 1}}}, "peerpedia_core/cli/__init__.py": {"executed_lines": [25, 27, 29, 30, 31, 32, 35, 60], "summary": {"covered_lines": 8, "num_statements": 24, "percent_covered": 33.333333333333336, "percent_covered_display": "33", "missing_lines": 16, "excluded_lines": 0, "percent_statements_covered": 33.333333333333336, "percent_statements_covered_display": "33"}, "missing_lines": [38, 39, 40, 43, 44, 45, 47, 48, 49, 50, 51, 52, 53, 54, 55, 57], "excluded_lines": [], "functions": {"main": {"executed_lines": [], "summary": {"covered_lines": 0, "num_statements": 16, "percent_covered": 0.0, "percent_covered_display": "0", "missing_lines": 16, "excluded_lines": 0, "percent_statements_covered": 0.0, "percent_statements_covered_display": "0"}, "missing_lines": [38, 39, 40, 43, 44, 45, 47, 48, 49, 50, 51, 52, 53, 54, 55, 57], "excluded_lines": [], "start_line": 35}, "": {"executed_lines": [25, 27, 29, 30, 31, 32, 35, 60], "summary": {"covered_lines": 8, "num_statements": 8, "percent_covered": 100.0, "percent_covered_display": "100", "missing_lines": 0, "excluded_lines": 0, "percent_statements_covered": 100.0, "percent_statements_covered_display": "100"}, "missing_lines": [], "excluded_lines": [], "start_line": 1}}, "classes": {"": {"executed_lines": [25, 27, 29, 30, 31, 32, 35, 60], "summary": {"covered_lines": 8, "num_statements": 24, "percent_covered": 33.333333333333336, "percent_covered_display": "33", "missing_lines": 16, "excluded_lines": 0, "percent_statements_covered": 33.333333333333336, "percent_statements_covered_display": "33"}, "missing_lines": [38, 39, 40, 43, 44, 45, 47, 48, 49, 50, 51, 52, 53, 54, 55, 57], "excluded_lines": [], "start_line": 1}}}, "peerpedia_core/cli/bundle_utils.py": {"executed_lines": [10, 12, 14, 15, 16, 17, 18, 19, 20, 22, 57, 89], "summary": {"covered_lines": 12, "num_statements": 53, "percent_covered": 22.641509433962263, "percent_covered_display": "23", "missing_lines": 41, "excluded_lines": 0, "percent_statements_covered": 22.641509433962263, "percent_statements_covered_display": "23"}, "missing_lines": [33, 34, 35, 36, 37, 38, 39, 40, 41, 42, 43, 46, 47, 48, 49, 50, 51, 52, 53, 54, 63, 64, 65, 66, 67, 68, 69, 70, 71, 72, 74, 77, 78, 79, 80, 86, 91, 92, 93, 94, 95], "excluded_lines": [], "functions": {"_try_sync": {"executed_lines": [], "summary": {"covered_lines": 0, "num_statements": 20, "percent_covered": 0.0, "percent_covered_display": "0", "missing_lines": 20, "excluded_lines": 0, "percent_statements_covered": 0.0, "percent_statements_covered_display": "0"}, "missing_lines": [33, 34, 35, 36, 37, 38, 39, 40, 41, 42, 43, 46, 47, 48, 49, 50, 51, 52, 53, 54], "excluded_lines": [], "start_line": 22}, "_sync_server": {"executed_lines": [], "summary": {"covered_lines": 0, "num_statements": 16, "percent_covered": 0.0, "percent_covered_display": "0", "missing_lines": 16, "excluded_lines": 0, "percent_statements_covered": 0.0, "percent_statements_covered_display": "0"}, "missing_lines": [63, 64, 65, 66, 67, 68, 69, 70, 71, 72, 74, 77, 78, 79, 80, 86], "excluded_lines": [], "start_line": 57}, "_save_default_server": {"executed_lines": [], "summary": {"covered_lines": 0, "num_statements": 5, "percent_covered": 0.0, "percent_covered_display": "0", "missing_lines": 5, "excluded_lines": 0, "percent_statements_covered": 0.0, "percent_statements_covered_display": "0"}, "missing_lines": [91, 92, 93, 94, 95], "excluded_lines": [], "start_line": 89}, "": {"executed_lines": [10, 12, 14, 15, 16, 17, 18, 19, 20, 22, 57, 89], "summary": {"covered_lines": 12, "num_statements": 12, "percent_covered": 100.0, "percent_covered_display": "100", "missing_lines": 0, "excluded_lines": 0, "percent_statements_covered": 100.0, "percent_statements_covered_display": "100"}, "missing_lines": [], "excluded_lines": [], "start_line": 1}}, "classes": {"": {"executed_lines": [10, 12, 14, 15, 16, 17, 18, 19, 20, 22, 57, 89], "summary": {"covered_lines": 12, "num_statements": 53, "percent_covered": 22.641509433962263, "percent_covered_display": "23", "missing_lines": 41, "excluded_lines": 0, "percent_statements_covered": 22.641509433962263, "percent_statements_covered_display": "23"}, "missing_lines": [33, 34, 35, 36, 37, 38, 39, 40, 41, 42, 43, 46, 47, 48, 49, 50, 51, 52, 53, 54, 63, 64, 65, 66, 67, 68, 69, 70, 71, 72, 74, 77, 78, 79, 80, 86, 91, 92, 93, 94, 95], "excluded_lines": [], "start_line": 1}}}, "peerpedia_core/cli/display.py": {"executed_lines": [10, 12, 13, 14, 15, 17, 21, 29, 35, 40, 50, 56, 68, 81], "summary": {"covered_lines": 14, "num_statements": 40, "percent_covered": 35.0, "percent_covered_display": "35", "missing_lines": 26, "excluded_lines": 0, "percent_statements_covered": 35.0, "percent_statements_covered_display": "35"}, "missing_lines": [37, 42, 43, 44, 45, 46, 47, 52, 53, 58, 59, 65, 70, 71, 72, 73, 74, 75, 76, 77, 78, 83, 84, 85, 86, 87], "excluded_lines": [], "functions": {"_print_panel": {"executed_lines": [], "summary": {"covered_lines": 0, "num_statements": 1, "percent_covered": 0.0, "percent_covered_display": "0", "missing_lines": 1, "excluded_lines": 0, "percent_statements_covered": 0.0, "percent_statements_covered_display": "0"}, "missing_lines": [37], "excluded_lines": [], "start_line": 35}, "_print_table": {"executed_lines": [], "summary": {"covered_lines": 0, "num_statements": 6, "percent_covered": 0.0, "percent_covered_display": "0", "missing_lines": 6, "excluded_lines": 0, "percent_statements_covered": 0.0, "percent_statements_covered_display": "0"}, "missing_lines": [42, 43, 44, 45, 46, 47], "excluded_lines": [], "start_line": 40}, "_status_badge": {"executed_lines": [], "summary": {"covered_lines": 0, "num_statements": 2, "percent_covered": 0.0, "percent_covered_display": "0", "missing_lines": 2, "excluded_lines": 0, "percent_statements_covered": 0.0, "percent_statements_covered_display": "0"}, "missing_lines": [52, 53], "excluded_lines": [], "start_line": 50}, "display_article": {"executed_lines": [], "summary": {"covered_lines": 0, "num_statements": 3, "percent_covered": 0.0, "percent_covered_display": "0", "missing_lines": 3, "excluded_lines": 0, "percent_statements_covered": 0.0, "percent_statements_covered_display": "0"}, "missing_lines": [58, 59, 65], "excluded_lines": [], "start_line": 56}, "display_user": {"executed_lines": [], "summary": {"covered_lines": 0, "num_statements": 9, "percent_covered": 0.0, "percent_covered_display": "0", "missing_lines": 9, "excluded_lines": 0, "percent_statements_covered": 0.0, "percent_statements_covered_display": "0"}, "missing_lines": [70, 71, 72, 73, 74, 75, 76, 77, 78], "excluded_lines": [], "start_line": 68}, "_stars": {"executed_lines": [], "summary": {"covered_lines": 0, "num_statements": 5, "percent_covered": 0.0, "percent_covered_display": "0", "missing_lines": 5, "excluded_lines": 0, "percent_statements_covered": 0.0, "percent_statements_covered_display": "0"}, "missing_lines": [83, 84, 85, 86, 87], "excluded_lines": [], "start_line": 81}, "": {"executed_lines": [10, 12, 13, 14, 15, 17, 21, 29, 35, 40, 50, 56, 68, 81], "summary": {"covered_lines": 14, "num_statements": 14, "percent_covered": 100.0, "percent_covered_display": "100", "missing_lines": 0, "excluded_lines": 0, "percent_statements_covered": 100.0, "percent_statements_covered_display": "100"}, "missing_lines": [], "excluded_lines": [], "start_line": 1}}, "classes": {"": {"executed_lines": [10, 12, 13, 14, 15, 17, 21, 29, 35, 40, 50, 56, 68, 81], "summary": {"covered_lines": 14, "num_statements": 40, "percent_covered": 35.0, "percent_covered_display": "35", "missing_lines": 26, "excluded_lines": 0, "percent_statements_covered": 35.0, "percent_statements_covered_display": "35"}, "missing_lines": [37, 42, 43, 44, 45, 46, 47, 52, 53, 58, 59, 65, 70, 71, 72, 73, 74, 75, 76, 77, 78, 83, 84, 85, 86, 87], "excluded_lines": [], "start_line": 1}}}, "peerpedia_core/cli/handlers/__init__.py": {"executed_lines": [11, 12, 21, 22, 27, 28, 29, 38, 39], "summary": {"covered_lines": 9, "num_statements": 9, "percent_covered": 100.0, "percent_covered_display": "100", "missing_lines": 0, "excluded_lines": 0, "percent_statements_covered": 100.0, "percent_statements_covered_display": "100"}, "missing_lines": [], "excluded_lines": [], "functions": {"": {"executed_lines": [11, 12, 21, 22, 27, 28, 29, 38, 39], "summary": {"covered_lines": 9, "num_statements": 9, "percent_covered": 100.0, "percent_covered_display": "100", "missing_lines": 0, "excluded_lines": 0, "percent_statements_covered": 100.0, "percent_statements_covered_display": "100"}, "missing_lines": [], "excluded_lines": [], "start_line": 1}}, "classes": {"": {"executed_lines": [11, 12, 21, 22, 27, 28, 29, 38, 39], "summary": {"covered_lines": 9, "num_statements": 9, "percent_covered": 100.0, "percent_covered_display": "100", "missing_lines": 0, "excluded_lines": 0, "percent_statements_covered": 100.0, "percent_statements_covered_display": "100"}, "missing_lines": [], "excluded_lines": [], "start_line": 1}}}, "peerpedia_core/cli/handlers/account.py": {"executed_lines": [11, 13, 15, 18, 19, 23, 26, 37, 38, 67, 68, 99, 100, 135, 136, 156, 157], "summary": {"covered_lines": 17, "num_statements": 85, "percent_covered": 20.0, "percent_covered_display": "20", "missing_lines": 68, "excluded_lines": 0, "percent_statements_covered": 20.0, "percent_statements_covered_display": "20"}, "missing_lines": [28, 44, 45, 46, 47, 48, 49, 51, 52, 53, 55, 56, 57, 59, 61, 62, 64, 74, 75, 76, 77, 78, 80, 82, 83, 86, 87, 88, 89, 91, 93, 94, 96, 110, 111, 112, 113, 114, 116, 118, 119, 122, 123, 124, 125, 127, 129, 130, 132, 141, 142, 143, 144, 145, 146, 148, 150, 151, 153, 162, 163, 164, 165, 166, 167, 168, 169, 170], "excluded_lines": [], "functions": {"_display_user": {"executed_lines": [], "summary": {"covered_lines": 0, "num_statements": 1, "percent_covered": 0.0, "percent_covered_display": "0", "missing_lines": 1, "excluded_lines": 0, "percent_statements_covered": 0.0, "percent_statements_covered_display": "0"}, "missing_lines": [28], "excluded_lines": [], "start_line": 26}, "_cmd_register": {"executed_lines": [], "summary": {"covered_lines": 0, "num_statements": 16, "percent_covered": 0.0, "percent_covered_display": "0", "missing_lines": 16, "excluded_lines": 0, "percent_statements_covered": 0.0, "percent_statements_covered_display": "0"}, "missing_lines": [44, 45, 46, 47, 48, 49, 51, 52, 53, 55, 56, 57, 59, 61, 62, 64], "excluded_lines": [], "start_line": 38}, "_cmd_login": {"executed_lines": [], "summary": {"covered_lines": 0, "num_statements": 16, "percent_covered": 0.0, "percent_covered_display": "0", "missing_lines": 16, "excluded_lines": 0, "percent_statements_covered": 0.0, "percent_statements_covered_display": "0"}, "missing_lines": [74, 75, 76, 77, 78, 80, 82, 83, 86, 87, 88, 89, 91, 93, 94, 96], "excluded_lines": [], "start_line": 68}, "_cmd_recover": {"executed_lines": [], "summary": {"covered_lines": 0, "num_statements": 16, "percent_covered": 0.0, "percent_covered_display": "0", "missing_lines": 16, "excluded_lines": 0, "percent_statements_covered": 0.0, "percent_statements_covered_display": "0"}, "missing_lines": [110, 111, 112, 113, 114, 116, 118, 119, 122, 123, 124, 125, 127, 129, 130, 132], "excluded_lines": [], "start_line": 100}, "_cmd_whoami": {"executed_lines": [], "summary": {"covered_lines": 0, "num_statements": 10, "percent_covered": 0.0, "percent_covered_display": "0", "missing_lines": 10, "excluded_lines": 0, "percent_statements_covered": 0.0, "percent_statements_covered_display": "0"}, "missing_lines": [141, 142, 143, 144, 145, 146, 148, 150, 151, 153], "excluded_lines": [], "start_line": 136}, "_cmd_account_search": {"executed_lines": [], "summary": {"covered_lines": 0, "num_statements": 9, "percent_covered": 0.0, "percent_covered_display": "0", "missing_lines": 9, "excluded_lines": 0, "percent_statements_covered": 0.0, "percent_statements_covered_display": "0"}, "missing_lines": [162, 163, 164, 165, 166, 167, 168, 169, 170], "excluded_lines": [], "start_line": 157}, "": {"executed_lines": [11, 13, 15, 18, 19, 23, 26, 37, 38, 67, 68, 99, 100, 135, 136, 156, 157], "summary": {"covered_lines": 17, "num_statements": 17, "percent_covered": 100.0, "percent_covered_display": "100", "missing_lines": 0, "excluded_lines": 0, "percent_statements_covered": 100.0, "percent_statements_covered_display": "100"}, "missing_lines": [], "excluded_lines": [], "start_line": 1}}, "classes": {"": {"executed_lines": [11, 13, 15, 18, 19, 23, 26, 37, 38, 67, 68, 99, 100, 135, 136, 156, 157], "summary": {"covered_lines": 17, "num_statements": 85, "percent_covered": 20.0, "percent_covered_display": "20", "missing_lines": 68, "excluded_lines": 0, "percent_statements_covered": 20.0, "percent_statements_covered_display": "20"}, "missing_lines": [28, 44, 45, 46, 47, 48, 49, 51, 52, 53, 55, 56, 57, 59, 61, 62, 64, 74, 75, 76, 77, 78, 80, 82, 83, 86, 87, 88, 89, 91, 93, 94, 96, 110, 111, 112, 113, 114, 116, 118, 119, 122, 123, 124, 125, 127, 129, 130, 132, 141, 142, 143, 144, 145, 146, 148, 150, 151, 153, 162, 163, 164, 165, 166, 167, 168, 169, 170], "excluded_lines": [], "start_line": 1}}}, "peerpedia_core/cli/handlers/articles.py": {"executed_lines": [6, 8, 13, 14, 15, 16, 23, 24, 64, 65, 87, 88, 150, 151, 205, 206, 230, 231, 254, 255], "summary": {"covered_lines": 20, "num_statements": 153, "percent_covered": 13.071895424836601, "percent_covered_display": "13", "missing_lines": 133, "excluded_lines": 0, "percent_statements_covered": 13.071895424836601, "percent_statements_covered_display": "13"}, "missing_lines": [35, 36, 37, 38, 39, 40, 41, 42, 43, 49, 50, 51, 55, 56, 57, 58, 60, 61, 71, 72, 73, 74, 75, 76, 77, 79, 80, 81, 82, 83, 84, 94, 95, 96, 97, 98, 99, 100, 102, 103, 104, 105, 106, 107, 108, 109, 110, 111, 112, 113, 116, 117, 118, 119, 120, 121, 123, 125, 134, 135, 139, 140, 141, 142, 146, 147, 156, 157, 159, 160, 161, 162, 163, 164, 166, 167, 168, 169, 171, 173, 174, 176, 177, 178, 180, 181, 182, 186, 187, 188, 190, 195, 196, 197, 198, 200, 201, 202, 211, 212, 213, 214, 215, 216, 217, 218, 220, 221, 222, 223, 225, 226, 227, 236, 237, 238, 239, 241, 242, 243, 244, 245, 246, 247, 248, 249, 250, 251, 260, 261, 262, 263, 265], "excluded_lines": [], "functions": {"_cmd_article_create": {"executed_lines": [], "summary": {"covered_lines": 0, "num_statements": 18, "percent_covered": 0.0, "percent_covered_display": "0", "missing_lines": 18, "excluded_lines": 0, "percent_statements_covered": 0.0, "percent_statements_covered_display": "0"}, "missing_lines": [35, 36, 37, 38, 39, 40, 41, 42, 43, 49, 50, 51, 55, 56, 57, 58, 60, 61], "excluded_lines": [], "start_line": 24}, "_cmd_article_show": {"executed_lines": [], "summary": {"covered_lines": 0, "num_statements": 13, "percent_covered": 0.0, "percent_covered_display": "0", "missing_lines": 13, "excluded_lines": 0, "percent_statements_covered": 0.0, "percent_statements_covered_display": "0"}, "missing_lines": [71, 72, 73, 74, 75, 76, 77, 79, 80, 81, 82, 83, 84], "excluded_lines": [], "start_line": 65}, "_cmd_article_list": {"executed_lines": [], "summary": {"covered_lines": 0, "num_statements": 35, "percent_covered": 0.0, "percent_covered_display": "0", "missing_lines": 35, "excluded_lines": 0, "percent_statements_covered": 0.0, "percent_statements_covered_display": "0"}, "missing_lines": [94, 95, 96, 97, 98, 99, 100, 102, 103, 104, 105, 106, 107, 108, 109, 110, 111, 112, 113, 116, 117, 118, 119, 120, 121, 123, 125, 134, 135, 139, 140, 141, 142, 146, 147], "excluded_lines": [], "start_line": 88}, "_cmd_article_edit": {"executed_lines": [], "summary": {"covered_lines": 0, "num_statements": 32, "percent_covered": 0.0, "percent_covered_display": "0", "missing_lines": 32, "excluded_lines": 0, "percent_statements_covered": 0.0, "percent_statements_covered_display": "0"}, "missing_lines": [156, 157, 159, 160, 161, 162, 163, 164, 166, 167, 168, 169, 171, 173, 174, 176, 177, 178, 180, 181, 182, 186, 187, 188, 190, 195, 196, 197, 198, 200, 201, 202], "excluded_lines": [], "start_line": 151}, "_cmd_article_publish": {"executed_lines": [], "summary": {"covered_lines": 0, "num_statements": 15, "percent_covered": 0.0, "percent_covered_display": "0", "missing_lines": 15, "excluded_lines": 0, "percent_statements_covered": 0.0, "percent_statements_covered_display": "0"}, "missing_lines": [211, 212, 213, 214, 215, 216, 217, 218, 220, 221, 222, 223, 225, 226, 227], "excluded_lines": [], "start_line": 206}, "_cmd_article_delete": {"executed_lines": [], "summary": {"covered_lines": 0, "num_statements": 15, "percent_covered": 0.0, "percent_covered_display": "0", "missing_lines": 15, "excluded_lines": 0, "percent_statements_covered": 0.0, "percent_statements_covered_display": "0"}, "missing_lines": [236, 237, 238, 239, 241, 242, 243, 244, 245, 246, 247, 248, 249, 250, 251], "excluded_lines": [], "start_line": 231}, "_cmd_article_scan": {"executed_lines": [], "summary": {"covered_lines": 0, "num_statements": 5, "percent_covered": 0.0, "percent_covered_display": "0", "missing_lines": 5, "excluded_lines": 0, "percent_statements_covered": 0.0, "percent_statements_covered_display": "0"}, "missing_lines": [260, 261, 262, 263, 265], "excluded_lines": [], "start_line": 255}, "": {"executed_lines": [6, 8, 13, 14, 15, 16, 23, 24, 64, 65, 87, 88, 150, 151, 205, 206, 230, 231, 254, 255], "summary": {"covered_lines": 20, "num_statements": 20, "percent_covered": 100.0, "percent_covered_display": "100", "missing_lines": 0, "excluded_lines": 0, "percent_statements_covered": 100.0, "percent_statements_covered_display": "100"}, "missing_lines": [], "excluded_lines": [], "start_line": 1}}, "classes": {"": {"executed_lines": [6, 8, 13, 14, 15, 16, 23, 24, 64, 65, 87, 88, 150, 151, 205, 206, 230, 231, 254, 255], "summary": {"covered_lines": 20, "num_statements": 153, "percent_covered": 13.071895424836601, "percent_covered_display": "13", "missing_lines": 133, "excluded_lines": 0, "percent_statements_covered": 13.071895424836601, "percent_statements_covered_display": "13"}, "missing_lines": [35, 36, 37, 38, 39, 40, 41, 42, 43, 49, 50, 51, 55, 56, 57, 58, 60, 61, 71, 72, 73, 74, 75, 76, 77, 79, 80, 81, 82, 83, 84, 94, 95, 96, 97, 98, 99, 100, 102, 103, 104, 105, 106, 107, 108, 109, 110, 111, 112, 113, 116, 117, 118, 119, 120, 121, 123, 125, 134, 135, 139, 140, 141, 142, 146, 147, 156, 157, 159, 160, 161, 162, 163, 164, 166, 167, 168, 169, 171, 173, 174, 176, 177, 178, 180, 181, 182, 186, 187, 188, 190, 195, 196, 197, 198, 200, 201, 202, 211, 212, 213, 214, 215, 216, 217, 218, 220, 221, 222, 223, 225, 226, 227, 236, 237, 238, 239, 241, 242, 243, 244, 245, 246, 247, 248, 249, 250, 251, 260, 261, 262, 263, 265], "excluded_lines": [], "start_line": 1}}}, "peerpedia_core/cli/handlers/bundle.py": {"executed_lines": [6, 8, 9, 10, 11, 12, 13, 14, 15, 18, 36, 70, 71, 82, 83], "summary": {"covered_lines": 15, "num_statements": 55, "percent_covered": 27.272727272727273, "percent_covered_display": "27", "missing_lines": 40, "excluded_lines": 0, "percent_statements_covered": 27.272727272727273, "percent_statements_covered_display": "27"}, "missing_lines": [23, 24, 25, 26, 27, 31, 32, 33, 42, 43, 44, 45, 46, 47, 48, 49, 50, 51, 52, 53, 54, 55, 56, 57, 58, 59, 60, 61, 62, 64, 65, 67, 76, 77, 78, 79, 88, 89, 90, 91], "excluded_lines": [], "functions": {"_cmd_sync_status": {"executed_lines": [], "summary": {"covered_lines": 0, "num_statements": 8, "percent_covered": 0.0, "percent_covered_display": "0", "missing_lines": 8, "excluded_lines": 0, "percent_statements_covered": 0.0, "percent_statements_covered_display": "0"}, "missing_lines": [23, 24, 25, 26, 27, 31, 32, 33], "excluded_lines": [], "start_line": 18}, "_sync_loop": {"executed_lines": [], "summary": {"covered_lines": 0, "num_statements": 24, "percent_covered": 0.0, "percent_covered_display": "0", "missing_lines": 24, "excluded_lines": 0, "percent_statements_covered": 0.0, "percent_statements_covered_display": "0"}, "missing_lines": [42, 43, 44, 45, 46, 47, 48, 49, 50, 51, 52, 53, 54, 55, 56, 57, 58, 59, 60, 61, 62, 64, 65, 67], "excluded_lines": [], "start_line": 36}, "_cmd_sync_push": {"executed_lines": [], "summary": {"covered_lines": 0, "num_statements": 4, "percent_covered": 0.0, "percent_covered_display": "0", "missing_lines": 4, "excluded_lines": 0, "percent_statements_covered": 0.0, "percent_statements_covered_display": "0"}, "missing_lines": [76, 77, 78, 79], "excluded_lines": [], "start_line": 71}, "_cmd_sync_pull": {"executed_lines": [], "summary": {"covered_lines": 0, "num_statements": 4, "percent_covered": 0.0, "percent_covered_display": "0", "missing_lines": 4, "excluded_lines": 0, "percent_statements_covered": 0.0, "percent_statements_covered_display": "0"}, "missing_lines": [88, 89, 90, 91], "excluded_lines": [], "start_line": 83}, "": {"executed_lines": [6, 8, 9, 10, 11, 12, 13, 14, 15, 18, 36, 70, 71, 82, 83], "summary": {"covered_lines": 15, "num_statements": 15, "percent_covered": 100.0, "percent_covered_display": "100", "missing_lines": 0, "excluded_lines": 0, "percent_statements_covered": 100.0, "percent_statements_covered_display": "100"}, "missing_lines": [], "excluded_lines": [], "start_line": 1}}, "classes": {"": {"executed_lines": [6, 8, 9, 10, 11, 12, 13, 14, 15, 18, 36, 70, 71, 82, 83], "summary": {"covered_lines": 15, "num_statements": 55, "percent_covered": 27.272727272727273, "percent_covered_display": "27", "missing_lines": 40, "excluded_lines": 0, "percent_statements_covered": 27.272727272727273, "percent_statements_covered_display": "27"}, "missing_lines": [23, 24, 25, 26, 27, 31, 32, 33, 42, 43, 44, 45, 46, 47, 48, 49, 50, 51, 52, 53, 54, 55, 56, 57, 58, 59, 60, 61, 62, 64, 65, 67, 76, 77, 78, 79, 88, 89, 90, 91], "excluded_lines": [], "start_line": 1}}}, "peerpedia_core/cli/handlers/compile_.py": {"executed_lines": [6, 8, 9, 10, 13], "summary": {"covered_lines": 5, "num_statements": 16, "percent_covered": 31.25, "percent_covered_display": "31", "missing_lines": 11, "excluded_lines": 0, "percent_statements_covered": 31.25, "percent_statements_covered_display": "31"}, "missing_lines": [18, 20, 21, 23, 24, 25, 26, 27, 28, 29, 31], "excluded_lines": [], "functions": {"_cmd_compile": {"executed_lines": [], "summary": {"covered_lines": 0, "num_statements": 11, "percent_covered": 0.0, "percent_covered_display": "0", "missing_lines": 11, "excluded_lines": 0, "percent_statements_covered": 0.0, "percent_statements_covered_display": "0"}, "missing_lines": [18, 20, 21, 23, 24, 25, 26, 27, 28, 29, 31], "excluded_lines": [], "start_line": 13}, "": {"executed_lines": [6, 8, 9, 10, 13], "summary": {"covered_lines": 5, "num_statements": 5, "percent_covered": 100.0, "percent_covered_display": "100", "missing_lines": 0, "excluded_lines": 0, "percent_statements_covered": 100.0, "percent_statements_covered_display": "100"}, "missing_lines": [], "excluded_lines": [], "start_line": 1}}, "classes": {"": {"executed_lines": [6, 8, 9, 10, 13], "summary": {"covered_lines": 5, "num_statements": 16, "percent_covered": 31.25, "percent_covered_display": "31", "missing_lines": 11, "excluded_lines": 0, "percent_statements_covered": 31.25, "percent_statements_covered_display": "31"}, "missing_lines": [18, 20, 21, 23, 24, 25, 26, 27, 28, 29, 31], "excluded_lines": [], "start_line": 1}}}, "peerpedia_core/cli/handlers/maintainers.py": {"executed_lines": [6, 8, 9, 10, 17, 18, 32, 33, 47, 48], "summary": {"covered_lines": 10, "num_statements": 31, "percent_covered": 32.25806451612903, "percent_covered_display": "32", "missing_lines": 21, "excluded_lines": 0, "percent_statements_covered": 32.25806451612903, "percent_statements_covered_display": "32"}, "missing_lines": [23, 24, 25, 26, 27, 29, 38, 39, 40, 41, 42, 44, 53, 54, 55, 56, 57, 58, 59, 60, 61], "excluded_lines": [], "functions": {"_cmd_maintainer_add": {"executed_lines": [], "summary": {"covered_lines": 0, "num_statements": 6, "percent_covered": 0.0, "percent_covered_display": "0", "missing_lines": 6, "excluded_lines": 0, "percent_statements_covered": 0.0, "percent_statements_covered_display": "0"}, "missing_lines": [23, 24, 25, 26, 27, 29], "excluded_lines": [], "start_line": 18}, "_cmd_maintainer_remove": {"executed_lines": [], "summary": {"covered_lines": 0, "num_statements": 6, "percent_covered": 0.0, "percent_covered_display": "0", "missing_lines": 6, "excluded_lines": 0, "percent_statements_covered": 0.0, "percent_statements_covered_display": "0"}, "missing_lines": [38, 39, 40, 41, 42, 44], "excluded_lines": [], "start_line": 33}, "_cmd_maintainer_list": {"executed_lines": [], "summary": {"covered_lines": 0, "num_statements": 9, "percent_covered": 0.0, "percent_covered_display": "0", "missing_lines": 9, "excluded_lines": 0, "percent_statements_covered": 0.0, "percent_statements_covered_display": "0"}, "missing_lines": [53, 54, 55, 56, 57, 58, 59, 60, 61], "excluded_lines": [], "start_line": 48}, "": {"executed_lines": [6, 8, 9, 10, 17, 18, 32, 33, 47, 48], "summary": {"covered_lines": 10, "num_statements": 10, "percent_covered": 100.0, "percent_covered_display": "100", "missing_lines": 0, "excluded_lines": 0, "percent_statements_covered": 100.0, "percent_statements_covered_display": "100"}, "missing_lines": [], "excluded_lines": [], "start_line": 1}}, "classes": {"": {"executed_lines": [6, 8, 9, 10, 17, 18, 32, 33, 47, 48], "summary": {"covered_lines": 10, "num_statements": 31, "percent_covered": 32.25806451612903, "percent_covered_display": "32", "missing_lines": 21, "excluded_lines": 0, "percent_statements_covered": 32.25806451612903, "percent_statements_covered_display": "32"}, "missing_lines": [23, 24, 25, 26, 27, 29, 38, 39, 40, 41, 42, 44, 53, 54, 55, 56, 57, 58, 59, 60, 61], "excluded_lines": [], "start_line": 1}}}, "peerpedia_core/cli/handlers/mother.py": {"executed_lines": [6, 8, 10, 13], "summary": {"covered_lines": 4, "num_statements": 5, "percent_covered": 80.0, "percent_covered_display": "80", "missing_lines": 1, "excluded_lines": 0, "percent_statements_covered": 80.0, "percent_statements_covered_display": "80"}, "missing_lines": [15], "excluded_lines": [], "functions": {"_cmd_mother": {"executed_lines": [], "summary": {"covered_lines": 0, "num_statements": 1, "percent_covered": 0.0, "percent_covered_display": "0", "missing_lines": 1, "excluded_lines": 0, "percent_statements_covered": 0.0, "percent_statements_covered_display": "0"}, "missing_lines": [15], "excluded_lines": [], "start_line": 13}, "": {"executed_lines": [6, 8, 10, 13], "summary": {"covered_lines": 4, "num_statements": 4, "percent_covered": 100.0, "percent_covered_display": "100", "missing_lines": 0, "excluded_lines": 0, "percent_statements_covered": 100.0, "percent_statements_covered_display": "100"}, "missing_lines": [], "excluded_lines": [], "start_line": 1}}, "classes": {"": {"executed_lines": [6, 8, 10, 13], "summary": {"covered_lines": 4, "num_statements": 5, "percent_covered": 80.0, "percent_covered_display": "80", "missing_lines": 1, "excluded_lines": 0, "percent_statements_covered": 80.0, "percent_statements_covered_display": "80"}, "missing_lines": [15], "excluded_lines": [], "start_line": 1}}}, "peerpedia_core/cli/handlers/reviews.py": {"executed_lines": [6, 8, 12, 13, 14, 17, 18, 43, 44], "summary": {"covered_lines": 9, "num_statements": 50, "percent_covered": 18.0, "percent_covered_display": "18", "missing_lines": 41, "excluded_lines": 0, "percent_statements_covered": 18.0, "percent_statements_covered_display": "18"}, "missing_lines": [23, 24, 25, 26, 27, 34, 35, 36, 37, 39, 40, 49, 50, 51, 52, 53, 54, 55, 57, 60, 61, 63, 64, 65, 66, 67, 68, 70, 71, 72, 73, 74, 76, 77, 78, 79, 80, 81, 82, 83, 85], "excluded_lines": [], "functions": {"_cmd_review_submit": {"executed_lines": [], "summary": {"covered_lines": 0, "num_statements": 11, "percent_covered": 0.0, "percent_covered_display": "0", "missing_lines": 11, "excluded_lines": 0, "percent_statements_covered": 0.0, "percent_statements_covered_display": "0"}, "missing_lines": [23, 24, 25, 26, 27, 34, 35, 36, 37, 39, 40], "excluded_lines": [], "start_line": 18}, "_cmd_review_list": {"executed_lines": [], "summary": {"covered_lines": 0, "num_statements": 30, "percent_covered": 0.0, "percent_covered_display": "0", "missing_lines": 30, "excluded_lines": 0, "percent_statements_covered": 0.0, "percent_statements_covered_display": "0"}, "missing_lines": [49, 50, 51, 52, 53, 54, 55, 57, 60, 61, 63, 64, 65, 66, 67, 68, 70, 71, 72, 73, 74, 76, 77, 78, 79, 80, 81, 82, 83, 85], "excluded_lines": [], "start_line": 44}, "": {"executed_lines": [6, 8, 12, 13, 14, 17, 18, 43, 44], "summary": {"covered_lines": 9, "num_statements": 9, "percent_covered": 100.0, "percent_covered_display": "100", "missing_lines": 0, "excluded_lines": 0, "percent_statements_covered": 100.0, "percent_statements_covered_display": "100"}, "missing_lines": [], "excluded_lines": [], "start_line": 1}}, "classes": {"": {"executed_lines": [6, 8, 12, 13, 14, 17, 18, 43, 44], "summary": {"covered_lines": 9, "num_statements": 50, "percent_covered": 18.0, "percent_covered_display": "18", "missing_lines": 41, "excluded_lines": 0, "percent_statements_covered": 18.0, "percent_statements_covered_display": "18"}, "missing_lines": [23, 24, 25, 26, 27, 34, 35, 36, 37, 39, 40, 49, 50, 51, 52, 53, 54, 55, 57, 60, 61, 63, 64, 65, 66, 67, 68, 70, 71, 72, 73, 74, 76, 77, 78, 79, 80, 81, 82, 83, 85], "excluded_lines": [], "start_line": 1}}}, "peerpedia_core/cli/handlers/server.py": {"executed_lines": [6, 9], "summary": {"covered_lines": 2, "num_statements": 5, "percent_covered": 40.0, "percent_covered_display": "40", "missing_lines": 3, "excluded_lines": 0, "percent_statements_covered": 40.0, "percent_statements_covered_display": "40"}, "missing_lines": [15, 17, 19], "excluded_lines": [], "functions": {"_cmd_server_start": {"executed_lines": [], "summary": {"covered_lines": 0, "num_statements": 3, "percent_covered": 0.0, "percent_covered_display": "0", "missing_lines": 3, "excluded_lines": 0, "percent_statements_covered": 0.0, "percent_statements_covered_display": "0"}, "missing_lines": [15, 17, 19], "excluded_lines": [], "start_line": 9}, "": {"executed_lines": [6, 9], "summary": {"covered_lines": 2, "num_statements": 2, "percent_covered": 100.0, "percent_covered_display": "100", "missing_lines": 0, "excluded_lines": 0, "percent_statements_covered": 100.0, "percent_statements_covered_display": "100"}, "missing_lines": [], "excluded_lines": [], "start_line": 1}}, "classes": {"": {"executed_lines": [6, 9], "summary": {"covered_lines": 2, "num_statements": 5, "percent_covered": 40.0, "percent_covered_display": "40", "missing_lines": 3, "excluded_lines": 0, "percent_statements_covered": 40.0, "percent_statements_covered_display": "40"}, "missing_lines": [15, 17, 19], "excluded_lines": [], "start_line": 1}}}, "peerpedia_core/cli/handlers/social.py": {"executed_lines": [6, 8, 10, 14, 15, 16, 23, 24, 25, 27, 46, 69, 70, 84, 85, 98, 99, 115, 116, 151, 152, 166, 167, 185, 186, 203, 204, 220, 221], "summary": {"covered_lines": 29, "num_statements": 130, "percent_covered": 22.307692307692307, "percent_covered_display": "22", "missing_lines": 101, "excluded_lines": 0, "percent_statements_covered": 22.307692307692307, "percent_statements_covered_display": "22"}, "missing_lines": [34, 35, 36, 37, 38, 39, 40, 41, 42, 43, 53, 54, 55, 56, 57, 58, 59, 60, 62, 63, 65, 66, 75, 76, 77, 78, 79, 81, 90, 91, 92, 93, 95, 104, 105, 106, 107, 108, 109, 110, 112, 121, 122, 123, 124, 127, 128, 129, 130, 131, 132, 133, 134, 135, 136, 140, 141, 145, 146, 148, 157, 158, 159, 160, 161, 163, 172, 173, 174, 175, 176, 177, 178, 179, 180, 182, 191, 192, 193, 194, 195, 196, 197, 198, 200, 209, 210, 211, 212, 213, 214, 216, 217, 226, 227, 228, 229, 230, 231, 233, 234], "excluded_lines": [], "functions": {"_pull_social": {"executed_lines": [], "summary": {"covered_lines": 0, "num_statements": 10, "percent_covered": 0.0, "percent_covered_display": "0", "missing_lines": 10, "excluded_lines": 0, "percent_statements_covered": 0.0, "percent_statements_covered_display": "0"}, "missing_lines": [34, 35, 36, 37, 38, 39, 40, 41, 42, 43], "excluded_lines": [], "start_line": 27}, "_push_social": {"executed_lines": [], "summary": {"covered_lines": 0, "num_statements": 12, "percent_covered": 0.0, "percent_covered_display": "0", "missing_lines": 12, "excluded_lines": 0, "percent_statements_covered": 0.0, "percent_statements_covered_display": "0"}, "missing_lines": [53, 54, 55, 56, 57, 58, 59, 60, 62, 63, 65, 66], "excluded_lines": [], "start_line": 46}, "_cmd_fork": {"executed_lines": [], "summary": {"covered_lines": 0, "num_statements": 6, "percent_covered": 0.0, "percent_covered_display": "0", "missing_lines": 6, "excluded_lines": 0, "percent_statements_covered": 0.0, "percent_statements_covered_display": "0"}, "missing_lines": [75, 76, 77, 78, 79, 81], "excluded_lines": [], "start_line": 70}, "_cmd_merge_propose": {"executed_lines": [], "summary": {"covered_lines": 0, "num_statements": 5, "percent_covered": 0.0, "percent_covered_display": "0", "missing_lines": 5, "excluded_lines": 0, "percent_statements_covered": 0.0, "percent_statements_covered_display": "0"}, "missing_lines": [90, 91, 92, 93, 95], "excluded_lines": [], "start_line": 85}, "_cmd_merge_accept": {"executed_lines": [], "summary": {"covered_lines": 0, "num_statements": 8, "percent_covered": 0.0, "percent_covered_display": "0", "missing_lines": 8, "excluded_lines": 0, "percent_statements_covered": 0.0, "percent_statements_covered_display": "0"}, "missing_lines": [104, 105, 106, 107, 108, 109, 110, 112], "excluded_lines": [], "start_line": 99}, "_cmd_bookmark_add": {"executed_lines": [], "summary": {"covered_lines": 0, "num_statements": 19, "percent_covered": 0.0, "percent_covered_display": "0", "missing_lines": 19, "excluded_lines": 0, "percent_statements_covered": 0.0, "percent_statements_covered_display": "0"}, "missing_lines": [121, 122, 123, 124, 127, 128, 129, 130, 131, 132, 133, 134, 135, 136, 140, 141, 145, 146, 148], "excluded_lines": [], "start_line": 116}, "_cmd_bookmark_remove": {"executed_lines": [], "summary": {"covered_lines": 0, "num_statements": 6, "percent_covered": 0.0, "percent_covered_display": "0", "missing_lines": 6, "excluded_lines": 0, "percent_statements_covered": 0.0, "percent_statements_covered_display": "0"}, "missing_lines": [157, 158, 159, 160, 161, 163], "excluded_lines": [], "start_line": 152}, "_cmd_follow_user": {"executed_lines": [], "summary": {"covered_lines": 0, "num_statements": 10, "percent_covered": 0.0, "percent_covered_display": "0", "missing_lines": 10, "excluded_lines": 0, "percent_statements_covered": 0.0, "percent_statements_covered_display": "0"}, "missing_lines": [172, 173, 174, 175, 176, 177, 178, 179, 180, 182], "excluded_lines": [], "start_line": 167}, "_cmd_unfollow_user": {"executed_lines": [], "summary": {"covered_lines": 0, "num_statements": 9, "percent_covered": 0.0, "percent_covered_display": "0", "missing_lines": 9, "excluded_lines": 0, "percent_statements_covered": 0.0, "percent_statements_covered_display": "0"}, "missing_lines": [191, 192, 193, 194, 195, 196, 197, 198, 200], "excluded_lines": [], "start_line": 186}, "_cmd_following": {"executed_lines": [], "summary": {"covered_lines": 0, "num_statements": 8, "percent_covered": 0.0, "percent_covered_display": "0", "missing_lines": 8, "excluded_lines": 0, "percent_statements_covered": 0.0, "percent_statements_covered_display": "0"}, "missing_lines": [209, 210, 211, 212, 213, 214, 216, 217], "excluded_lines": [], "start_line": 204}, "_cmd_followers": {"executed_lines": [], "summary": {"covered_lines": 0, "num_statements": 8, "percent_covered": 0.0, "percent_covered_display": "0", "missing_lines": 8, "excluded_lines": 0, "percent_statements_covered": 0.0, "percent_statements_covered_display": "0"}, "missing_lines": [226, 227, 228, 229, 230, 231, 233, 234], "excluded_lines": [], "start_line": 221}, "": {"executed_lines": [6, 8, 10, 14, 15, 16, 23, 24, 25, 27, 46, 69, 70, 84, 85, 98, 99, 115, 116, 151, 152, 166, 167, 185, 186, 203, 204, 220, 221], "summary": {"covered_lines": 29, "num_statements": 29, "percent_covered": 100.0, "percent_covered_display": "100", "missing_lines": 0, "excluded_lines": 0, "percent_statements_covered": 100.0, "percent_statements_covered_display": "100"}, "missing_lines": [], "excluded_lines": [], "start_line": 1}}, "classes": {"": {"executed_lines": [6, 8, 10, 14, 15, 16, 23, 24, 25, 27, 46, 69, 70, 84, 85, 98, 99, 115, 116, 151, 152, 166, 167, 185, 186, 203, 204, 220, 221], "summary": {"covered_lines": 29, "num_statements": 130, "percent_covered": 22.307692307692307, "percent_covered_display": "22", "missing_lines": 101, "excluded_lines": 0, "percent_statements_covered": 22.307692307692307, "percent_statements_covered_display": "22"}, "missing_lines": [34, 35, 36, 37, 38, 39, 40, 41, 42, 43, 53, 54, 55, 56, 57, 58, 59, 60, 62, 63, 65, 66, 75, 76, 77, 78, 79, 81, 90, 91, 92, 93, 95, 104, 105, 106, 107, 108, 109, 110, 112, 121, 122, 123, 124, 127, 128, 129, 130, 131, 132, 133, 134, 135, 136, 140, 141, 145, 146, 148, 157, 158, 159, 160, 161, 163, 172, 173, 174, 175, 176, 177, 178, 179, 180, 182, 191, 192, 193, 194, 195, 196, 197, 198, 200, 209, 210, 211, 212, 213, 214, 216, 217, 226, 227, 228, 229, 230, 231, 233, 234], "excluded_lines": [], "start_line": 1}}}, "peerpedia_core/cli/helpers.py": {"executed_lines": [10, 12, 13, 14, 15, 16, 17, 18, 20, 21, 22, 25, 28, 43, 44, 56, 62, 77, 87, 92, 98, 106, 116, 135, 142, 153, 162, 180, 190, 201, 230], "summary": {"covered_lines": 31, "num_statements": 112, "percent_covered": 27.678571428571427, "percent_covered_display": "28", "missing_lines": 81, "excluded_lines": 0, "percent_statements_covered": 27.678571428571427, "percent_statements_covered_display": "28"}, "missing_lines": [45, 46, 47, 48, 49, 50, 51, 52, 53, 54, 68, 69, 70, 73, 74, 79, 80, 81, 82, 84, 89, 94, 95, 100, 108, 109, 110, 111, 112, 113, 124, 125, 126, 137, 138, 139, 144, 145, 150, 155, 156, 157, 158, 168, 169, 170, 171, 172, 173, 175, 177, 182, 183, 184, 185, 186, 187, 192, 193, 194, 208, 214, 215, 216, 217, 218, 219, 220, 221, 222, 223, 224, 225, 226, 227, 237, 238, 239, 240, 241, 242], "excluded_lines": [], "functions": {"_with_db": {"executed_lines": [43, 44, 56], "summary": {"covered_lines": 3, "num_statements": 3, "percent_covered": 100.0, "percent_covered_display": "100", "missing_lines": 0, "excluded_lines": 0, "percent_statements_covered": 100.0, "percent_statements_covered_display": "100"}, "missing_lines": [], "excluded_lines": [], "start_line": 28}, "_with_db.wrapper": {"executed_lines": [], "summary": {"covered_lines": 0, "num_statements": 10, "percent_covered": 0.0, "percent_covered_display": "0", "missing_lines": 10, "excluded_lines": 0, "percent_statements_covered": 0.0, "percent_statements_covered_display": "0"}, "missing_lines": [45, 46, 47, 48, 49, 50, 51, 52, 53, 54], "excluded_lines": [], "start_line": 44}, "_page": {"executed_lines": [], "summary": {"covered_lines": 0, "num_statements": 5, "percent_covered": 0.0, "percent_covered_display": "0", "missing_lines": 5, "excluded_lines": 0, "percent_statements_covered": 0.0, "percent_statements_covered_display": "0"}, "missing_lines": [68, 69, 70, 73, 74], "excluded_lines": [], "start_line": 62}, "_open_file": {"executed_lines": [], "summary": {"covered_lines": 0, "num_statements": 5, "percent_covered": 0.0, "percent_covered_display": "0", "missing_lines": 5, "excluded_lines": 0, "percent_statements_covered": 0.0, "percent_statements_covered_display": "0"}, "missing_lines": [79, 80, 81, 82, 84], "excluded_lines": [], "start_line": 77}, "_ok": {"executed_lines": [], "summary": {"covered_lines": 0, "num_statements": 1, "percent_covered": 0.0, "percent_covered_display": "0", "missing_lines": 1, "excluded_lines": 0, "percent_statements_covered": 0.0, "percent_statements_covered_display": "0"}, "missing_lines": [89], "excluded_lines": [], "start_line": 87}, "_die": {"executed_lines": [], "summary": {"covered_lines": 0, "num_statements": 2, "percent_covered": 0.0, "percent_covered_display": "0", "missing_lines": 2, "excluded_lines": 0, "percent_statements_covered": 0.0, "percent_statements_covered_display": "0"}, "missing_lines": [94, 95], "excluded_lines": [], "start_line": 92}, "_json_out": {"executed_lines": [], "summary": {"covered_lines": 0, "num_statements": 1, "percent_covered": 0.0, "percent_covered_display": "0", "missing_lines": 1, "excluded_lines": 0, "percent_statements_covered": 0.0, "percent_statements_covered_display": "0"}, "missing_lines": [100], "excluded_lines": [], "start_line": 98}, "_find_article_file": {"executed_lines": [], "summary": {"covered_lines": 0, "num_statements": 6, "percent_covered": 0.0, "percent_covered_display": "0", "missing_lines": 6, "excluded_lines": 0, "percent_statements_covered": 0.0, "percent_statements_covered_display": "0"}, "missing_lines": [108, 109, 110, 111, 112, 113], "excluded_lines": [], "start_line": 106}, "_resolve_and_display_article": {"executed_lines": [], "summary": {"covered_lines": 0, "num_statements": 3, "percent_covered": 0.0, "percent_covered_display": "0", "missing_lines": 3, "excluded_lines": 0, "percent_statements_covered": 0.0, "percent_statements_covered_display": "0"}, "missing_lines": [124, 125, 126], "excluded_lines": [], "start_line": 116}, "_read_session": {"executed_lines": [], "summary": {"covered_lines": 0, "num_statements": 3, "percent_covered": 0.0, "percent_covered_display": "0", "missing_lines": 3, "excluded_lines": 0, "percent_statements_covered": 0.0, "percent_statements_covered_display": "0"}, "missing_lines": [137, 138, 139], "excluded_lines": [], "start_line": 135}, "_write_session": {"executed_lines": [], "summary": {"covered_lines": 0, "num_statements": 3, "percent_covered": 0.0, "percent_covered_display": "0", "missing_lines": 3, "excluded_lines": 0, "percent_statements_covered": 0.0, "percent_statements_covered_display": "0"}, "missing_lines": [144, 145, 150], "excluded_lines": [], "start_line": 142}, "_get_session_user": {"executed_lines": [], "summary": {"covered_lines": 0, "num_statements": 4, "percent_covered": 0.0, "percent_covered_display": "0", "missing_lines": 4, "excluded_lines": 0, "percent_statements_covered": 0.0, "percent_statements_covered_display": "0"}, "missing_lines": [155, 156, 157, 158], "excluded_lines": [], "start_line": 153}, "_resolve_user": {"executed_lines": [], "summary": {"covered_lines": 0, "num_statements": 8, "percent_covered": 0.0, "percent_covered_display": "0", "missing_lines": 8, "excluded_lines": 0, "percent_statements_covered": 0.0, "percent_statements_covered_display": "0"}, "missing_lines": [168, 169, 170, 171, 172, 173, 175, 177], "excluded_lines": [], "start_line": 162}, "_get_session_key": {"executed_lines": [], "summary": {"covered_lines": 0, "num_statements": 6, "percent_covered": 0.0, "percent_covered_display": "0", "missing_lines": 6, "excluded_lines": 0, "percent_statements_covered": 0.0, "percent_statements_covered_display": "0"}, "missing_lines": [182, 183, 184, 185, 186, 187], "excluded_lines": [], "start_line": 180}, "_parse_scores": {"executed_lines": [], "summary": {"covered_lines": 0, "num_statements": 3, "percent_covered": 0.0, "percent_covered_display": "0", "missing_lines": 3, "excluded_lines": 0, "percent_statements_covered": 0.0, "percent_statements_covered_display": "0"}, "missing_lines": [192, 193, 194], "excluded_lines": [], "start_line": 190}, "_prompt_commit_message": {"executed_lines": [], "summary": {"covered_lines": 0, "num_statements": 15, "percent_covered": 0.0, "percent_covered_display": "0", "missing_lines": 15, "excluded_lines": 0, "percent_statements_covered": 0.0, "percent_statements_covered_display": "0"}, "missing_lines": [208, 214, 215, 216, 217, 218, 219, 220, 221, 222, 223, 224, 225, 226, 227], "excluded_lines": [], "start_line": 201}, "_open_editor": {"executed_lines": [], "summary": {"covered_lines": 0, "num_statements": 6, "percent_covered": 0.0, "percent_covered_display": "0", "missing_lines": 6, "excluded_lines": 0, "percent_statements_covered": 0.0, "percent_statements_covered_display": "0"}, "missing_lines": [237, 238, 239, 240, 241, 242], "excluded_lines": [], "start_line": 230}, "": {"executed_lines": [10, 12, 13, 14, 15, 16, 17, 18, 20, 21, 22, 25, 28, 62, 77, 87, 92, 98, 106, 116, 135, 142, 153, 162, 180, 190, 201, 230], "summary": {"covered_lines": 28, "num_statements": 28, "percent_covered": 100.0, "percent_covered_display": "100", "missing_lines": 0, "excluded_lines": 0, "percent_statements_covered": 100.0, "percent_statements_covered_display": "100"}, "missing_lines": [], "excluded_lines": [], "start_line": 1}}, "classes": {"": {"executed_lines": [10, 12, 13, 14, 15, 16, 17, 18, 20, 21, 22, 25, 28, 43, 44, 56, 62, 77, 87, 92, 98, 106, 116, 135, 142, 153, 162, 180, 190, 201, 230], "summary": {"covered_lines": 31, "num_statements": 112, "percent_covered": 27.678571428571427, "percent_covered_display": "28", "missing_lines": 81, "excluded_lines": 0, "percent_statements_covered": 27.678571428571427, "percent_statements_covered_display": "28"}, "missing_lines": [45, 46, 47, 48, 49, 50, 51, 52, 53, 54, 68, 69, 70, 73, 74, 79, 80, 81, 82, 84, 89, 94, 95, 100, 108, 109, 110, 111, 112, 113, 124, 125, 126, 137, 138, 139, 144, 145, 150, 155, 156, 157, 158, 168, 169, 170, 171, 172, 173, 175, 177, 182, 183, 184, 185, 186, 187, 192, 193, 194, 208, 214, 215, 216, 217, 218, 219, 220, 221, 222, 223, 224, 225, 226, 227, 237, 238, 239, 240, 241, 242], "excluded_lines": [], "start_line": 1}}}, "peerpedia_core/cli/parser.py": {"executed_lines": [10, 12, 14, 36, 42, 47, 53, 63, 203, 226, 284, 289, 295, 296, 297, 298, 299, 300, 301], "summary": {"covered_lines": 19, "num_statements": 45, "percent_covered": 42.22222222222222, "percent_covered_display": "42", "missing_lines": 26, "excluded_lines": 0, "percent_statements_covered": 42.22222222222222, "percent_statements_covered_display": "42"}, "missing_lines": [49, 50, 54, 251, 253, 254, 255, 256, 258, 261, 262, 265, 266, 267, 268, 269, 270, 271, 272, 275, 276, 277, 278, 279, 281, 286], "excluded_lines": [], "functions": {"_add_args": {"executed_lines": [], "summary": {"covered_lines": 0, "num_statements": 2, "percent_covered": 0.0, "percent_covered_display": "0", "missing_lines": 2, "excluded_lines": 0, "percent_statements_covered": 0.0, "percent_statements_covered_display": "0"}, "missing_lines": [49, 50], "excluded_lines": [], "start_line": 47}, "_add_common": {"executed_lines": [], "summary": {"covered_lines": 0, "num_statements": 1, "percent_covered": 0.0, "percent_covered_display": "0", "missing_lines": 1, "excluded_lines": 0, "percent_statements_covered": 0.0, "percent_statements_covered_display": "0"}, "missing_lines": [54], "excluded_lines": [], "start_line": 53}, "build_parser": {"executed_lines": [], "summary": {"covered_lines": 0, "num_statements": 22, "percent_covered": 0.0, "percent_covered_display": "0", "missing_lines": 22, "excluded_lines": 0, "percent_statements_covered": 0.0, "percent_statements_covered_display": "0"}, "missing_lines": [251, 253, 254, 255, 256, 258, 261, 262, 265, 266, 267, 268, 269, 270, 271, 272, 275, 276, 277, 278, 279, 281], "excluded_lines": [], "start_line": 226}, "_first_line": {"executed_lines": [], "summary": {"covered_lines": 0, "num_statements": 1, "percent_covered": 0.0, "percent_covered_display": "0", "missing_lines": 1, "excluded_lines": 0, "percent_statements_covered": 0.0, "percent_statements_covered_display": "0"}, "missing_lines": [286], "excluded_lines": [], "start_line": 284}, "get_cmd_map": {"executed_lines": [295, 296, 297, 298, 299, 300, 301], "summary": {"covered_lines": 7, "num_statements": 7, "percent_covered": 100.0, "percent_covered_display": "100", "missing_lines": 0, "excluded_lines": 0, "percent_statements_covered": 100.0, "percent_statements_covered_display": "100"}, "missing_lines": [], "excluded_lines": [], "start_line": 289}, "": {"executed_lines": [10, 12, 14, 36, 42, 47, 53, 63, 203, 226, 284, 289], "summary": {"covered_lines": 12, "num_statements": 12, "percent_covered": 100.0, "percent_covered_display": "100", "missing_lines": 0, "excluded_lines": 0, "percent_statements_covered": 100.0, "percent_statements_covered_display": "100"}, "missing_lines": [], "excluded_lines": [], "start_line": 1}}, "classes": {"": {"executed_lines": [10, 12, 14, 36, 42, 47, 53, 63, 203, 226, 284, 289, 295, 296, 297, 298, 299, 300, 301], "summary": {"covered_lines": 19, "num_statements": 45, "percent_covered": 42.22222222222222, "percent_covered_display": "42", "missing_lines": 26, "excluded_lines": 0, "percent_statements_covered": 42.22222222222222, "percent_statements_covered_display": "42"}, "missing_lines": [49, 50, 54, 251, 253, 254, 255, 256, 258, 261, 262, 265, 266, 267, 268, 269, 270, 271, 272, 275, 276, 277, 278, 279, 281, 286], "excluded_lines": [], "start_line": 1}}}, "peerpedia_core/commands/__init__.py": {"executed_lines": [64, 77, 78, 79, 84, 85, 86, 87, 100, 106, 114, 121, 122, 123, 124, 127, 132, 135, 140, 143, 148, 149, 151, 152, 153, 156, 161], "summary": {"covered_lines": 27, "num_statements": 30, "percent_covered": 90.0, "percent_covered_display": "90", "missing_lines": 3, "excluded_lines": 0, "percent_statements_covered": 90.0, "percent_statements_covered_display": "90"}, "missing_lines": [150, 154, 155], "excluded_lines": [], "functions": {"db_session": {"executed_lines": [132], "summary": {"covered_lines": 1, "num_statements": 1, "percent_covered": 100.0, "percent_covered_display": "100", "missing_lines": 0, "excluded_lines": 0, "percent_statements_covered": 100.0, "percent_statements_covered_display": "100"}, "missing_lines": [], "excluded_lines": [], "start_line": 127}, "db_repl_setup": {"executed_lines": [140], "summary": {"covered_lines": 1, "num_statements": 1, "percent_covered": 100.0, "percent_covered_display": "100", "missing_lines": 0, "excluded_lines": 0, "percent_statements_covered": 100.0, "percent_statements_covered_display": "100"}, "missing_lines": [], "excluded_lines": [], "start_line": 135}, "health_check": {"executed_lines": [148, 149, 151, 152, 153, 156], "summary": {"covered_lines": 6, "num_statements": 9, "percent_covered": 66.66666666666667, "percent_covered_display": "67", "missing_lines": 3, "excluded_lines": 0, "percent_statements_covered": 66.66666666666667, "percent_statements_covered_display": "67"}, "missing_lines": [150, 154, 155], "excluded_lines": [], "start_line": 143}, "": {"executed_lines": [64, 77, 78, 79, 84, 85, 86, 87, 100, 106, 114, 121, 122, 123, 124, 127, 135, 143, 161], "summary": {"covered_lines": 19, "num_statements": 19, "percent_covered": 100.0, "percent_covered_display": "100", "missing_lines": 0, "excluded_lines": 0, "percent_statements_covered": 100.0, "percent_statements_covered_display": "100"}, "missing_lines": [], "excluded_lines": [], "start_line": 1}}, "classes": {"": {"executed_lines": [64, 77, 78, 79, 84, 85, 86, 87, 100, 106, 114, 121, 122, 123, 124, 127, 132, 135, 140, 143, 148, 149, 151, 152, 153, 156, 161], "summary": {"covered_lines": 27, "num_statements": 30, "percent_covered": 90.0, "percent_covered_display": "90", "missing_lines": 3, "excluded_lines": 0, "percent_statements_covered": 90.0, "percent_statements_covered_display": "90"}, "missing_lines": [150, 154, 155], "excluded_lines": [], "start_line": 1}}}, "peerpedia_core/commands/articles/__init__.py": {"executed_lines": [6, 7, 8, 9, 10, 11, 12, 13, 17, 18, 24, 25, 26, 29, 41, 52, 53, 54, 55, 58, 60, 62, 63, 64, 67, 72], "summary": {"covered_lines": 26, "num_statements": 36, "percent_covered": 72.22222222222223, "percent_covered_display": "72", "missing_lines": 10, "excluded_lines": 0, "percent_statements_covered": 72.22222222222223, "percent_statements_covered_display": "72"}, "missing_lines": [35, 36, 37, 38, 56, 57, 59, 61, 69, 74], "excluded_lines": [], "functions": {"get_article": {"executed_lines": [], "summary": {"covered_lines": 0, "num_statements": 4, "percent_covered": 0.0, "percent_covered_display": "0", "missing_lines": 4, "excluded_lines": 0, "percent_statements_covered": 0.0, "percent_statements_covered_display": "0"}, "missing_lines": [35, 36, 37, 38], "excluded_lines": [], "start_line": 29}, "list_articles": {"executed_lines": [52, 53, 54, 55, 58, 60, 62, 63, 64], "summary": {"covered_lines": 9, "num_statements": 13, "percent_covered": 69.23076923076923, "percent_covered_display": "69", "missing_lines": 4, "excluded_lines": 0, "percent_statements_covered": 69.23076923076923, "percent_statements_covered_display": "69"}, "missing_lines": [56, 57, 59, 61], "excluded_lines": [], "start_line": 41}, "count_articles": {"executed_lines": [], "summary": {"covered_lines": 0, "num_statements": 1, "percent_covered": 0.0, "percent_covered_display": "0", "missing_lines": 1, "excluded_lines": 0, "percent_statements_covered": 0.0, "percent_statements_covered_display": "0"}, "missing_lines": [69], "excluded_lines": [], "start_line": 67}, "get_author_ids": {"executed_lines": [], "summary": {"covered_lines": 0, "num_statements": 1, "percent_covered": 0.0, "percent_covered_display": "0", "missing_lines": 1, "excluded_lines": 0, "percent_statements_covered": 0.0, "percent_statements_covered_display": "0"}, "missing_lines": [74], "excluded_lines": [], "start_line": 72}, "": {"executed_lines": [6, 7, 8, 9, 10, 11, 12, 13, 17, 18, 24, 25, 26, 29, 41, 67, 72], "summary": {"covered_lines": 17, "num_statements": 17, "percent_covered": 100.0, "percent_covered_display": "100", "missing_lines": 0, "excluded_lines": 0, "percent_statements_covered": 100.0, "percent_statements_covered_display": "100"}, "missing_lines": [], "excluded_lines": [], "start_line": 1}}, "classes": {"": {"executed_lines": [6, 7, 8, 9, 10, 11, 12, 13, 17, 18, 24, 25, 26, 29, 41, 52, 53, 54, 55, 58, 60, 62, 63, 64, 67, 72], "summary": {"covered_lines": 26, "num_statements": 36, "percent_covered": 72.22222222222223, "percent_covered_display": "72", "missing_lines": 10, "excluded_lines": 0, "percent_statements_covered": 72.22222222222223, "percent_statements_covered_display": "72"}, "missing_lines": [35, 36, 37, 38, 56, 57, 59, 61, 69, 74], "excluded_lines": [], "start_line": 1}}}, "peerpedia_core/commands/articles/_helpers.py": {"executed_lines": [6, 8, 9, 10, 15, 18, 24, 25, 28, 29, 30, 32, 33, 34, 35, 37], "summary": {"covered_lines": 16, "num_statements": 17, "percent_covered": 94.11764705882354, "percent_covered_display": "94", "missing_lines": 1, "excluded_lines": 0, "percent_statements_covered": 94.11764705882354, "percent_statements_covered_display": "94"}, "missing_lines": [26], "excluded_lines": [], "functions": {"rebuild_article_authors": {"executed_lines": [24, 25, 28, 29, 30, 32, 33, 34, 35, 37], "summary": {"covered_lines": 10, "num_statements": 11, "percent_covered": 90.9090909090909, "percent_covered_display": "91", "missing_lines": 1, "excluded_lines": 0, "percent_statements_covered": 90.9090909090909, "percent_statements_covered_display": "91"}, "missing_lines": [26], "excluded_lines": [], "start_line": 18}, "": {"executed_lines": [6, 8, 9, 10, 15, 18], "summary": {"covered_lines": 6, "num_statements": 6, "percent_covered": 100.0, "percent_covered_display": "100", "missing_lines": 0, "excluded_lines": 0, "percent_statements_covered": 100.0, "percent_statements_covered_display": "100"}, "missing_lines": [], "excluded_lines": [], "start_line": 1}}, "classes": {"": {"executed_lines": [6, 8, 9, 10, 15, 18, 24, 25, 28, 29, 30, 32, 33, 34, 35, 37], "summary": {"covered_lines": 16, "num_statements": 17, "percent_covered": 94.11764705882354, "percent_covered_display": "94", "missing_lines": 1, "excluded_lines": 0, "percent_statements_covered": 94.11764705882354, "percent_statements_covered_display": "94"}, "missing_lines": [26], "excluded_lines": [], "start_line": 1}}}, "peerpedia_core/commands/articles/create.py": {"executed_lines": [6, 8, 10, 11, 12, 13, 14, 15, 16, 21, 24, 38, 41, 42, 45, 46, 47, 48, 49, 50, 51, 52, 53, 54, 59, 60, 62, 67, 69, 70, 72], "summary": {"covered_lines": 31, "num_sta
[...]
ered": 0.0, "percent_statements_covered_display": "0"}, "missing_lines": [136, 137, 138, 139, 140, 141], "excluded_lines": [], "start_line": 134}, "_source": {"executed_lines": [], "summary": {"covered_lines": 0, "num_statements": 7, "percent_covered": 0.0, "percent_covered_display": "0", "missing_lines": 7, "excluded_lines": 0, "percent_statements_covered": 0.0, "percent_statements_covered_display": "0"}, "missing_lines": [148, 149, 150, 151, 152, 153, 154], "excluded_lines": [], "start_line": 146}, "_repo": {"executed_lines": [], "summary": {"covered_lines": 0, "num_statements": 3, "percent_covered": 0.0, "percent_covered_display": "0", "missing_lines": 3, "excluded_lines": 0, "percent_statements_covered": 0.0, "percent_statements_covered_display": "0"}, "missing_lines": [159, 160, 161], "excluded_lines": [], "start_line": 157}, "": {"executed_lines": [23, 24, 25, 27, 36, 41, 42, 44, 50, 59, 69, 85, 93, 107, 121, 134, 146, 157, 167], "summary": {"covered_lines": 19, "num_statements": 19, "percent_covered": 100.0, "percent_covered_display": "100", "missing_lines": 0, "excluded_lines": 0, "percent_statements_covered": 100.0, "percent_statements_covered_display": "100"}, "missing_lines": [], "excluded_lines": [], "start_line": 1}}, "classes": {"": {"executed_lines": [23, 24, 25, 27, 36, 41, 42, 44, 50, 51, 52, 53, 54, 55, 59, 60, 61, 62, 63, 69, 85, 86, 87, 88, 89, 93, 94, 95, 96, 97, 107, 121, 134, 146, 157, 167], "summary": {"covered_lines": 36, "num_statements": 91, "percent_covered": 39.56043956043956, "percent_covered_display": "40", "missing_lines": 55, "excluded_lines": 0, "percent_statements_covered": 39.56043956043956, "percent_statements_covered_display": "40"}, "missing_lines": [56, 64, 65, 66, 70, 71, 73, 74, 75, 79, 80, 81, 82, 90, 98, 99, 100, 101, 102, 103, 104, 109, 110, 112, 113, 114, 115, 116, 117, 118, 123, 124, 125, 126, 127, 128, 129, 130, 131, 136, 137, 138, 139, 140, 141, 148, 149, 150, 151, 152, 153, 154, 159, 160, 161], "excluded_lines": [], "start_line": 1}}}, "peerpedia_core/transport/routes/users.py": {"executed_lines": [16, 17, 18, 20, 27, 28, 34, 35, 36, 37, 40, 41, 42, 43, 46, 57, 68, 69, 70, 71, 72, 73, 81], "summary": {"covered_lines": 23, "num_statements": 39, "percent_covered": 58.97435897435897, "percent_covered_display": "59", "missing_lines": 16, "excluded_lines": 0, "percent_statements_covered": 58.97435897435897, "percent_statements_covered_display": "59"}, "missing_lines": [47, 48, 49, 50, 51, 52, 53, 54, 58, 59, 60, 61, 62, 63, 64, 65], "excluded_lines": [], "functions": {"_following": {"executed_lines": [35, 36, 37], "summary": {"covered_lines": 3, "num_statements": 3, "percent_covered": 100.0, "percent_covered_display": "100", "missing_lines": 0, "excluded_lines": 0, "percent_statements_covered": 100.0, "percent_statements_covered_display": "100"}, "missing_lines": [], "excluded_lines": [], "start_line": 34}, "_followers": {"executed_lines": [41, 42, 43], "summary": {"covered_lines": 3, "num_statements": 3, "percent_covered": 100.0, "percent_covered_display": "100", "missing_lines": 0, "excluded_lines": 0, "percent_statements_covered": 100.0, "percent_statements_covered_display": "100"}, "missing_lines": [], "excluded_lines": [], "start_line": 40}, "_follow": {"executed_lines": [], "summary": {"covered_lines": 0, "num_statements": 8, "percent_covered": 0.0, "percent_covered_display": "0", "missing_lines": 8, "excluded_lines": 0, "percent_statements_covered": 0.0, "percent_statements_covered_display": "0"}, "missing_lines": [47, 48, 49, 50, 51, 52, 53, 54], "excluded_lines": [], "start_line": 46}, "_unfollow": {"executed_lines": [], "summary": {"covered_lines": 0, "num_statements": 8, "percent_covered": 0.0, "percent_covered_display": "0", "missing_lines": 8, "excluded_lines": 0, "percent_statements_covered": 0.0, "percent_statements_covered_display": "0"}, "missing_lines": [58, 59, 60, 61, 62, 63, 64, 65], "excluded_lines": [], "start_line": 57}, "_articles": {"executed_lines": [69, 70, 71, 72, 73], "summary": {"covered_lines": 5, "num_statements": 5, "percent_covered": 100.0, "percent_covered_display": "100", "missing_lines": 0, "excluded_lines": 0, "percent_statements_covered": 100.0, "percent_statements_covered_display": "100"}, "missing_lines": [], "excluded_lines": [], "start_line": 68}, "": {"executed_lines": [16, 17, 18, 20, 27, 28, 34, 40, 46, 57, 68, 81], "summary": {"covered_lines": 12, "num_statements": 12, "percent_covered": 100.0, "percent_covered_display": "100", "missing_lines": 0, "excluded_lines": 0, "percent_statements_covered": 100.0, "percent_statements_covered_display": "100"}, "missing_lines": [], "excluded_lines": [], "start_line": 1}}, "classes": {"": {"executed_lines": [16, 17, 18, 20, 27, 28, 34, 35, 36, 37, 40, 41, 42, 43, 46, 57, 68, 69, 70, 71, 72, 73, 81], "summary": {"covered_lines": 23, "num_statements": 39, "percent_covered": 58.97435897435897, "percent_covered_display": "59", "missing_lines": 16, "excluded_lines": 0, "percent_statements_covered": 58.97435897435897, "percent_statements_covered_display": "59"}, "missing_lines": [47, 48, 49, 50, 51, 52, 53, 54, 58, 59, 60, 61, 62, 63, 64, 65], "excluded_lines": [], "start_line": 1}}}, "peerpedia_core/transport/shared.py": {"executed_lines": [11, 13, 15, 20, 22, 23], "summary": {"covered_lines": 6, "num_statements": 6, "percent_covered": 100.0, "percent_covered_display": "100", "missing_lines": 0, "excluded_lines": 0, "percent_statements_covered": 100.0, "percent_statements_covered_display": "100"}, "missing_lines": [], "excluded_lines": [], "functions": {"_validate_id": {"executed_lines": [22, 23], "summary": {"covered_lines": 2, "num_statements": 2, "percent_covered": 100.0, "percent_covered_display": "100", "missing_lines": 0, "excluded_lines": 0, "percent_statements_covered": 100.0, "percent_statements_covered_display": "100"}, "missing_lines": [], "excluded_lines": [], "start_line": 20}, "": {"executed_lines": [11, 13, 15, 20], "summary": {"covered_lines": 4, "num_statements": 4, "percent_covered": 100.0, "percent_covered_display": "100", "missing_lines": 0, "excluded_lines": 0, "percent_statements_covered": 100.0, "percent_statements_covered_display": "100"}, "missing_lines": [], "excluded_lines": [], "start_line": 1}}, "classes": {"": {"executed_lines": [11, 13, 15, 20, 22, 23], "summary": {"covered_lines": 6, "num_statements": 6, "percent_covered": 100.0, "percent_covered_display": "100", "missing_lines": 0, "excluded_lines": 0, "percent_statements_covered": 100.0, "percent_statements_covered_display": "100"}, "missing_lines": [], "excluded_lines": [], "start_line": 1}}}, "peerpedia_core/types/__init__.py": {"executed_lines": [], "summary": {"covered_lines": 0, "num_statements": 0, "percent_covered": 100.0, "percent_covered_display": "100", "missing_lines": 0, "excluded_lines": 0, "percent_statements_covered": 100.0, "percent_statements_covered_display": "100"}, "missing_lines": [], "excluded_lines": [], "functions": {"": {"executed_lines": [], "summary": {"covered_lines": 0, "num_statements": 0, "percent_covered": 100.0, "percent_covered_display": "100", "missing_lines": 0, "excluded_lines": 0, "percent_statements_covered": 100.0, "percent_statements_covered_display": "100"}, "missing_lines": [], "excluded_lines": [], "start_line": 1}}, "classes": {"": {"executed_lines": [], "summary": {"covered_lines": 0, "num_statements": 0, "percent_covered": 100.0, "percent_covered_display": "100", "missing_lines": 0, "excluded_lines": 0, "percent_statements_covered": 100.0, "percent_statements_covered_display": "100"}, "missing_lines": [], "excluded_lines": [], "start_line": 1}}}, "peerpedia_core/types/scores.py": {"executed_lines": [6, 10, 19, 22, 23, 26, 27, 30, 31, 32, 33, 34, 36, 37, 38, 39, 40, 41, 43, 44, 46, 48, 49, 50, 51, 52, 54, 55, 64, 65, 68, 69, 70, 71, 73, 74, 76, 77], "summary": {"covered_lines": 38, "num_statements": 38, "percent_covered": 100.0, "percent_covered_display": "100", "missing_lines": 0, "excluded_lines": 0, "percent_statements_covered": 100.0, "percent_statements_covered_display": "100"}, "missing_lines": [], "excluded_lines": [], "functions": {"_clamp": {"executed_lines": [23], "summary": {"covered_lines": 1, "num_statements": 1, "percent_covered": 100.0, "percent_covered_display": "100", "missing_lines": 0, "excluded_lines": 0, "percent_statements_covered": 100.0, "percent_statements_covered_display": "100"}, "missing_lines": [], "excluded_lines": [], "start_line": 22}, "FiveDimScores.__post_init__": {"executed_lines": [37, 38, 39, 40, 41], "summary": {"covered_lines": 5, "num_statements": 5, "percent_covered": 100.0, "percent_covered_display": "100", "missing_lines": 0, "excluded_lines": 0, "percent_statements_covered": 100.0, "percent_statements_covered_display": "100"}, "missing_lines": [], "excluded_lines": [], "start_line": 36}, "FiveDimScores.average": {"executed_lines": [44], "summary": {"covered_lines": 1, "num_statements": 1, "percent_covered": 100.0, "percent_covered_display": "100", "missing_lines": 0, "excluded_lines": 0, "percent_statements_covered": 100.0, "percent_statements_covered_display": "100"}, "missing_lines": [], "excluded_lines": [], "start_line": 43}, "FiveDimScores.weighted_average": {"executed_lines": [48, 49, 50, 51, 52], "summary": {"covered_lines": 5, "num_statements": 5, "percent_covered": 100.0, "percent_covered_display": "100", "missing_lines": 0, "excluded_lines": 0, "percent_statements_covered": 100.0, "percent_statements_covered_display": "100"}, "missing_lines": [], "excluded_lines": [], "start_line": 46}, "FiveDimScores.to_result": {"executed_lines": [55], "summary": {"covered_lines": 1, "num_statements": 1, "percent_covered": 100.0, "percent_covered_display": "100", "missing_lines": 0, "excluded_lines": 0, "percent_statements_covered": 100.0, "percent_statements_covered_display": "100"}, "missing_lines": [], "excluded_lines": [], "start_line": 54}, "ReputationScores.average": {"executed_lines": [74], "summary": {"covered_lines": 1, "num_statements": 1, "percent_covered": 100.0, "percent_covered_display": "100", "missing_lines": 0, "excluded_lines": 0, "percent_statements_covered": 100.0, "percent_statements_covered_display": "100"}, "missing_lines": [], "excluded_lines": [], "start_line": 73}, "ReputationScores.to_result": {"executed_lines": [77], "summary": {"covered_lines": 1, "num_statements": 1, "percent_covered": 100.0, "percent_covered_display": "100", "missing_lines": 0, "excluded_lines": 0, "percent_statements_covered": 100.0, "percent_statements_covered_display": "100"}, "missing_lines": [], "excluded_lines": [], "start_line": 76}, "": {"executed_lines": [6, 10, 19, 22, 26, 27, 30, 31, 32, 33, 34, 36, 43, 46, 54, 64, 65, 68, 69, 70, 71, 73, 76], "summary": {"covered_lines": 23, "num_statements": 23, "percent_covered": 100.0, "percent_covered_display": "100", "missing_lines": 0, "excluded_lines": 0, "percent_statements_covered": 100.0, "percent_statements_covered_display": "100"}, "missing_lines": [], "excluded_lines": [], "start_line": 1}}, "classes": {"FiveDimScores": {"executed_lines": [37, 38, 39, 40, 41, 44, 48, 49, 50, 51, 52, 55], "summary": {"covered_lines": 12, "num_statements": 12, "percent_covered": 100.0, "percent_covered_display": "100", "missing_lines": 0, "excluded_lines": 0, "percent_statements_covered": 100.0, "percent_statements_covered_display": "100"}, "missing_lines": [], "excluded_lines": [], "start_line": 27}, "ReputationScores": {"executed_lines": [74, 77], "summary": {"covered_lines": 2, "num_statements": 2, "percent_covered": 100.0, "percent_covered_display": "100", "missing_lines": 0, "excluded_lines": 0, "percent_statements_covered": 100.0, "percent_statements_covered_display": "100"}, "missing_lines": [], "excluded_lines": [], "start_line": 65}, "": {"executed_lines": [6, 10, 19, 22, 23, 26, 27, 30, 31, 32, 33, 34, 36, 43, 46, 54, 64, 65, 68, 69, 70, 71, 73, 76], "summary": {"covered_lines": 24, "num_statements": 24, "percent_covered": 100.0, "percent_covered_display": "100", "missing_lines": 0, "excluded_lines": 0, "percent_statements_covered": 100.0, "percent_statements_covered_display": "100"}, "missing_lines": [], "excluded_lines": [], "start_line": 1}}}, "peerpedia_core/workflow/__init__.py": {"executed_lines": [], "summary": {"covered_lines": 0, "num_statements": 0, "percent_covered": 100.0, "percent_covered_display": "100", "missing_lines": 0, "excluded_lines": 0, "percent_statements_covered": 100.0, "percent_statements_covered_display": "100"}, "missing_lines": [], "excluded_lines": [], "functions": {"": {"executed_lines": [], "summary": {"covered_lines": 0, "num_statements": 0, "percent_covered": 100.0, "percent_covered_display": "100", "missing_lines": 0, "excluded_lines": 0, "percent_statements_covered": 100.0, "percent_statements_covered_display": "100"}, "missing_lines": [], "excluded_lines": [], "start_line": 1}}, "classes": {"": {"executed_lines": [], "summary": {"covered_lines": 0, "num_statements": 0, "percent_covered": 100.0, "percent_covered_display": "100", "missing_lines": 0, "excluded_lines": 0, "percent_statements_covered": 100.0, "percent_statements_covered_display": "100"}, "missing_lines": [], "excluded_lines": [], "start_line": 1}}}, "peerpedia_core/workflow/reputation.py": {"executed_lines": [35, 36, 40, 47, 55, 64, 70, 72, 73, 74, 75, 76, 78, 79, 80, 82, 84, 85, 87, 95, 105, 106, 108, 124, 129, 130, 132, 139, 140, 141], "summary": {"covered_lines": 30, "num_statements": 30, "percent_covered": 100.0, "percent_covered_display": "100", "missing_lines": 0, "excluded_lines": 0, "percent_statements_covered": 100.0, "percent_statements_covered_display": "100"}, "missing_lines": [], "excluded_lines": [], "functions": {"compute_reputation": {"executed_lines": [64, 70, 72, 73, 74, 75, 76, 78, 79, 80, 82, 84, 85, 87], "summary": {"covered_lines": 14, "num_statements": 14, "percent_covered": 100.0, "percent_covered_display": "100", "missing_lines": 0, "excluded_lines": 0, "percent_statements_covered": 100.0, "percent_statements_covered_display": "100"}, "missing_lines": [], "excluded_lines": [], "start_line": 55}, "blend_reputation": {"executed_lines": [105, 106, 108], "summary": {"covered_lines": 3, "num_statements": 3, "percent_covered": 100.0, "percent_covered_display": "100", "missing_lines": 0, "excluded_lines": 0, "percent_statements_covered": 100.0, "percent_statements_covered_display": "100"}, "missing_lines": [], "excluded_lines": [], "start_line": 95}, "get_reviewer_weight": {"executed_lines": [129, 130, 132, 139, 140, 141], "summary": {"covered_lines": 6, "num_statements": 6, "percent_covered": 100.0, "percent_covered_display": "100", "missing_lines": 0, "excluded_lines": 0, "percent_statements_covered": 100.0, "percent_statements_covered_display": "100"}, "missing_lines": [], "excluded_lines": [], "start_line": 124}, "": {"executed_lines": [35, 36, 40, 47, 55, 95, 124], "summary": {"covered_lines": 7, "num_statements": 7, "percent_covered": 100.0, "percent_covered_display": "100", "missing_lines": 0, "excluded_lines": 0, "percent_statements_covered": 100.0, "percent_statements_covered_display": "100"}, "missing_lines": [], "excluded_lines": [], "start_line": 1}}, "classes": {"": {"executed_lines": [35, 36, 40, 47, 55, 64, 70, 72, 73, 74, 75, 76, 78, 79, 80, 82, 84, 85, 87, 95, 105, 106, 108, 124, 129, 130, 132, 139, 140, 141], "summary": {"covered_lines": 30, "num_statements": 30, "percent_covered": 100.0, "percent_covered_display": "100", "missing_lines": 0, "excluded_lines": 0, "percent_statements_covered": 100.0, "percent_statements_covered_display": "100"}, "missing_lines": [], "excluded_lines": [], "start_line": 1}}}, "peerpedia_core/workflow/scoring.py": {"executed_lines": [22, 24, 27, 49, 50, 52, 53, 55, 56, 58, 59, 60, 61, 62, 63, 64, 67, 68, 70, 71, 72, 73, 75, 76, 77, 78, 80, 81, 82, 83, 85, 87], "summary": {"covered_lines": 32, "num_statements": 32, "percent_covered": 100.0, "percent_covered_display": "100", "missing_lines": 0, "excluded_lines": 0, "percent_statements_covered": 100.0, "percent_statements_covered_display": "100"}, "missing_lines": [], "excluded_lines": [], "functions": {"aggregate_review_scores": {"executed_lines": [49, 50, 52, 53, 55, 56, 58, 67, 68, 70, 71, 72, 73, 75, 76, 77, 78, 80, 81, 82, 83, 85, 87], "summary": {"covered_lines": 23, "num_statements": 23, "percent_covered": 100.0, "percent_covered_display": "100", "missing_lines": 0, "excluded_lines": 0, "percent_statements_covered": 100.0, "percent_statements_covered_display": "100"}, "missing_lines": [], "excluded_lines": [], "start_line": 27}, "aggregate_review_scores._reviewer_mult": {"executed_lines": [59, 60, 61, 62, 63, 64], "summary": {"covered_lines": 6, "num_statements": 6, "percent_covered": 100.0, "percent_covered_display": "100", "missing_lines": 0, "excluded_lines": 0, "percent_statements_covered": 100.0, "percent_statements_covered_display": "100"}, "missing_lines": [], "excluded_lines": [], "start_line": 58}, "": {"executed_lines": [22, 24, 27], "summary": {"covered_lines": 3, "num_statements": 3, "percent_covered": 100.0, "percent_covered_display": "100", "missing_lines": 0, "excluded_lines": 0, "percent_statements_covered": 100.0, "percent_statements_covered_display": "100"}, "missing_lines": [], "excluded_lines": [], "start_line": 1}}, "classes": {"": {"executed_lines": [22, 24, 27, 49, 50, 52, 53, 55, 56, 58, 59, 60, 61, 62, 63, 64, 67, 68, 70, 71, 72, 73, 75, 76, 77, 78, 80, 81, 82, 83, 85, 87], "summary": {"covered_lines": 32, "num_statements": 32, "percent_covered": 100.0, "percent_covered_display": "100", "missing_lines": 0, "excluded_lines": 0, "percent_statements_covered": 100.0, "percent_statements_covered_display": "100"}, "missing_lines": [], "excluded_lines": [], "start_line": 1}}}, "peerpedia_core/workflow/sedimentation.py": {"executed_lines": [22, 24, 27, 29, 30, 31, 32, 34, 37, 43, 44, 45, 46], "summary": {"covered_lines": 13, "num_statements": 14, "percent_covered": 92.85714285714286, "percent_covered_display": "93", "missing_lines": 1, "excluded_lines": 0, "percent_statements_covered": 92.85714285714286, "percent_statements_covered_display": "93"}, "missing_lines": [33], "excluded_lines": [], "functions": {"is_ready_to_publish": {"executed_lines": [29, 30, 31, 32, 34], "summary": {"covered_lines": 5, "num_statements": 6, "percent_covered": 83.33333333333333, "percent_covered_display": "83", "missing_lines": 1, "excluded_lines": 0, "percent_statements_covered": 83.33333333333333, "percent_statements_covered_display": "83"}, "missing_lines": [33], "excluded_lines": [], "start_line": 27}, "apply_no_review_penalty": {"executed_lines": [43, 44, 45, 46], "summary": {"covered_lines": 4, "num_statements": 4, "percent_covered": 100.0, "percent_covered_display": "100", "missing_lines": 0, "excluded_lines": 0, "percent_statements_covered": 100.0, "percent_statements_covered_display": "100"}, "missing_lines": [], "excluded_lines": [], "start_line": 37}, "": {"executed_lines": [22, 24, 27, 37], "summary": {"covered_lines": 4, "num_statements": 4, "percent_covered": 100.0, "percent_covered_display": "100", "missing_lines": 0, "excluded_lines": 0, "percent_statements_covered": 100.0, "percent_statements_covered_display": "100"}, "missing_lines": [], "excluded_lines": [], "start_line": 1}}, "classes": {"": {"executed_lines": [22, 24, 27, 29, 30, 31, 32, 34, 37, 43, 44, 45, 46], "summary": {"covered_lines": 13, "num_statements": 14, "percent_covered": 92.85714285714286, "percent_covered_display": "93", "missing_lines": 1, "excluded_lines": 0, "percent_statements_covered": 92.85714285714286, "percent_statements_covered_display": "93"}, "missing_lines": [33], "excluded_lines": [], "start_line": 1}}}}, "totals": {"covered_lines": 2394, "num_statements": 3791, "percent_covered": 63.14956475863888, "percent_covered_display": "63", "missing_lines": 1397, "excluded_lines": 0, "percent_statements_covered": 63.14956475863888, "percent_statements_covered_display": "63"}}